#
# There is insufficient memory for the Java Runtime Environment to continue.
# Native memory allocation (mmap) failed to map 566231040 bytes for Failed to commit area from 0x0000000092000000 to 0x00000000b3c00000 of length 566231040.
# Possible reasons:
#   The system is out of physical RAM or swap space
#   The process is running with CompressedOops enabled, and the Java Heap may be blocking the growth of the native heap
# Possible solutions:
#   Reduce memory load on the system
#   Increase physical memory or swap space
#   Check if swap backing store is full
#   Decrease Java heap size (-Xmx/-Xms)
#   Decrease number of Java threads
#   Decrease Java thread stack sizes (-Xss)
#   Set larger code cache with -XX:ReservedCodeCacheSize=
#   JVM is running with Unscaled Compressed Oops mode in which the Java heap is
#     placed in the first 4GB address space. The Java Heap base address is the
#     maximum limit for the native heap growth. Please use -XX:HeapBaseMinAddress
#     to set the Java Heap base and to place the Java Heap above 4GB virtual address.
# This output file may be truncated or incomplete.
#
#  Out of Memory Error (c:/BuildAgent/work/5ff2f6c26000d570/src/hotspot/os/windows/os_windows.cpp:3281), pid=14172, tid=13508
#
# JRE version: OpenJDK Runtime Environment (11.0.4+10) (build 11.0.4+10-b304.69)
# Java VM: OpenJDK 64-Bit Server VM (11.0.4+10-b304.69, mixed mode, sharing, tiered, compressed oops, g1 gc, windows-amd64)
# No core dump will be written. Minidumps are not enabled by default on client versions of Windows
#

---------------  S U M M A R Y ------------

Command Line: -agentlib:jdwp=transport=dt_socket,address=127.0.0.1:61267,suspend=y,server=n -XX:TieredStopAtLevel=1 -Xverify:none -Dspring.output.ansi.enabled=always -Dcom.sun.management.jmxremote -Dspring.jmx.enabled=true -Dspring.liveBeansView.mbeanDomain -Dspring.application.admin.enabled=true -javaagent:C:\Users\Administrator\.IntelliJIdea2019.2\system\captureAgent\debugger-agent.jar -Dfile.encoding=UTF-8 com.example.demo.DemoApplication

Host: Intel(R) Core(TM) i5-4210M CPU @ 2.60GHz, 4 cores, 7G,  Windows 7 , 64 bit Build 7601 (6.1.7601.23915)
Time: Sun Apr 25 13:08:51 2021 ?D1¨²¡À¨º¡Á?¨º¡À?? elapsed time: 30 seconds (0d 0h 0m 30s)

---------------  T H R E A D  ---------------

Current thread (0x000000000eac6000):  VMThread "VM Thread" [stack: 0x000000000ddc0000,0x000000000dec0000] [id=13508]

Stack: [0x000000000ddc0000,0x000000000dec0000]
[error occurred during error reporting (printing stack bounds), id 0xc0000005, EXCEPTION_ACCESS_VIOLATION (0xc0000005) at pc=0x000000000f010bad]

Native frames: (J=compiled Java code, j=interpreted, Vv=VM code, C=native code)
V  [jvm.dll+0x5db31a]
V  [jvm.dll+0x70c395]
V  [jvm.dll+0x70d8b8]
V  [jvm.dll+0x70dee5]
V  [jvm.dll+0x70de9b]
V  [jvm.dll+0x5daa98]
V  [jvm.dll+0x5daf08]
C  [ntdll.dll+0x2812d]
C  [ntdll.dll+0x1855f]
C  [ntdll.dll+0x4bcb8]
C  0x000000000f010bad

VM_Operation (0x0000000001faafd0): G1CollectForAllocation, mode: safepoint, requested by thread 0x0000000000182800


---------------  P R O C E S S  ---------------

Threads class SMR info:
_java_thread_list=0x000000001f2e80a0, length=20, elements={
0x0000000000182800, 0x000000000eac9800, 0x000000000eacb000, 0x000000000eadc000,
0x000000000eae8800, 0x000000000eaeb000, 0x000000000eb13800, 0x000000000b6fc800,
0x000000001e796000, 0x000000001e79a000, 0x000000001e7a2800, 0x000000001eacf000,
0x000000001f2f0000, 0x0000000020abe800, 0x0000000020acc800, 0x000000001f45d800,
0x0000000020bce800, 0x0000000020be6800, 0x0000000020e2b800, 0x0000000020c42000
}

Java Threads: ( => current thread )
  0x0000000000182800 JavaThread "main" [_thread_blocked, id=20512, stack(0x0000000001eb0000,0x0000000001fb0000)]
  0x000000000eac9800 JavaThread "Reference Handler" daemon [_thread_blocked, id=18668, stack(0x000000000dfd0000,0x000000000e0d0000)]
  0x000000000eacb000 JavaThread "Finalizer" daemon [_thread_blocked, id=19096, stack(0x000000000ecb0000,0x000000000edb0000)]
  0x000000000eadc000 JavaThread "Signal Dispatcher" daemon [_thread_blocked, id=4244, stack(0x000000000eea0000,0x000000000efa0000)]
  0x000000000eae8800 JavaThread "Attach Listener" daemon [_thread_blocked, id=1644, stack(0x000000001e010000,0x000000001e110000)]
  0x000000000eaeb000 JavaThread "C1 CompilerThread0" daemon [_thread_blocked, id=20484, stack(0x000000001e1d0000,0x000000001e2d0000)]
  0x000000000eb13800 JavaThread "Sweeper thread" daemon [_thread_blocked, id=17720, stack(0x000000001e340000,0x000000001e440000)]
  0x000000000b6fc800 JavaThread "Common-Cleaner" daemon [_thread_blocked, id=15720, stack(0x000000001e610000,0x000000001e710000)]
  0x000000001e796000 JavaThread "JDWP Transport Listener: dt_socket" daemon [_thread_blocked, id=19604, stack(0x000000001e490000,0x000000001e590000)]
  0x000000001e79a000 JavaThread "JDWP Event Helper Thread" daemon [_thread_blocked, id=2184, stack(0x000000001ec30000,0x000000001ed30000)]
  0x000000001e7a2800 JavaThread "JDWP Command Reader" daemon [_thread_in_native, id=20884, stack(0x000000001edf0000,0x000000001eef0000)]
  0x000000001eacf000 JavaThread "Service Thread" daemon [_thread_blocked, id=19820, stack(0x000000001f000000,0x000000001f100000)]
  0x000000001f2f0000 JavaThread "RMI TCP Accept-0" daemon [_thread_in_native, id=20124, stack(0x000000001fdc0000,0x000000001fec0000)]
  0x0000000020abe800 JavaThread "Catalina-utility-1" [_thread_blocked, id=12972, stack(0x00000000223a0000,0x00000000224a0000)]
  0x0000000020acc800 JavaThread "Catalina-utility-2" [_thread_blocked, id=13624, stack(0x0000000022560000,0x0000000022660000)]
  0x000000001f45d800 JavaThread "container-0" [_thread_blocked, id=20460, stack(0x00000000226e0000,0x00000000227e0000)]
  0x0000000020bce800 JavaThread "mssql-jdbc-shared-timer-core-0" daemon [_thread_blocked, id=4068, stack(0x0000000022d70000,0x0000000022e70000)]
  0x0000000020be6800 JavaThread "HikariPool-1 housekeeper" daemon [_thread_blocked, id=10084, stack(0x0000000022f00000,0x0000000023000000)]
  0x0000000020e2b800 JavaThread "RMI TCP Connection(2)-192.168.1.101" daemon [_thread_in_native, id=19792, stack(0x0000000023530000,0x0000000023630000)]
  0x0000000020c42000 JavaThread "RMI Scheduler(0)" daemon [_thread_blocked, id=4832, stack(0x00000000236b0000,0x00000000237b0000)]

Other Threads:
=>0x000000000eac6000 VMThread "VM Thread" [stack: 0x000000000ddc0000,0x000000000dec0000] [id=13508]
  0x000000001f2f7800 WatcherThread [stack: 0x000000001ffb0000,0x00000000200b0000] [id=14308]
  0x0000000000198800 GCTaskThread "GC Thread#0" [stack: 0x00000000066d0000,0x00000000067d0000] [id=12900]
  0x000000001f2be800 GCTaskThread "GC Thread#1" [stack: 0x000000001fb90000,0x000000001fc90000] [id=16036]
  0x000000001f2bf000 GCTaskThread "GC Thread#2" [stack: 0x000000001f9a0000,0x000000001faa0000] [id=21208]
  0x000000002069b000 GCTaskThread "GC Thread#3" [stack: 0x00000000202f0000,0x00000000203f0000] [id=14808]
  0x00000000001ca800 ConcurrentGCThread "G1 Main Marker" [stack: 0x000000000b500000,0x000000000b600000] [id=5188]
  0x00000000001cc000 ConcurrentGCThread "G1 Conc#0" [stack: 0x000000000b7d0000,0x000000000b8d0000] [id=16612]
  0x000000000b685800 ConcurrentGCThread "G1 Refine#0" [stack: 0x000000000dec0000,0x000000000dfc0000] [id=8996]
  0x000000000b686800 ConcurrentGCThread "G1 Young RemSet Sampling" [stack: 0x000000000e0d0000,0x000000000e1d0000] [id=21408]

Threads with active compile tasks:
C1 CompilerThread04115       1       net.bytebuddy.description.method.MethodDescription$TypeToken::hashCode (70 bytes)

VM state:at safepoint (normal execution)

VM Mutex/Monitor currently owned by a thread:  ([mutex/lock_event])
[0x000000000017f930] Threads_lock - owner thread: 0x000000000eac6000
[0x0000000000180080] Heap_lock - owner thread: 0x0000000000182800

Heap address: 0x0000000081200000, size: 2030 MB, Compressed Oops mode: 32-bit
Narrow klass base: 0x0000000800000000, Narrow klass shift: 3
Compressed class space size: 1073741824 Address: 0x0000000840000000

Heap:
 garbage-first heap   total 829440K, used 19836K [0x0000000081200000, 0x0000000100000000)
  region size 1024K, 2 young (2048K), 2 survivors (2048K)
 Metaspace       used 44457K, capacity 45927K, committed 46128K, reserved 1089536K
  class space    used 5948K, capacity 6522K, committed 6528K, reserved 1048576K
Heap Regions: E=young(eden), S=young(survivor), O=old, HS=humongous(starts), HC=humongous(continues), CS=collection set, F=free, A=archive, TAMS=top-at-mark-start (previous, next)
|   0|0x0000000081200000, 0x0000000081300000, 0x0000000081300000|100%|HS|  |TAMS 0x0000000081300000, 0x0000000081200000| Complete 
|   1|0x0000000081300000, 0x0000000081400000, 0x0000000081400000|100%| O|  |TAMS 0x0000000081400000, 0x0000000081300000| Untracked 
|   2|0x0000000081400000, 0x0000000081500000, 0x0000000081500000|100%| O|  |TAMS 0x0000000081500000, 0x0000000081400000| Untracked 
|   3|0x0000000081500000, 0x0000000081600000, 0x0000000081600000|100%| O|  |TAMS 0x0000000081600000, 0x0000000081500000| Untracked 
|   4|0x0000000081600000, 0x0000000081700000, 0x0000000081700000|100%| O|  |TAMS 0x0000000081700000, 0x0000000081600000| Untracked 
|   5|0x0000000081700000, 0x0000000081800000, 0x0000000081800000|100%| O|  |TAMS 0x0000000081800000, 0x0000000081700000| Untracked 
|   6|0x0000000081800000, 0x0000000081900000, 0x0000000081900000|100%| O|  |TAMS 0x0000000081900000, 0x0000000081800000| Untracked 
|   7|0x0000000081900000, 0x0000000081a00000, 0x0000000081a00000|100%| O|  |TAMS 0x00000000819f8c00, 0x0000000081900000| Untracked 
|   8|0x0000000081a00000, 0x0000000081b00000, 0x0000000081b00000|100%| O|  |TAMS 0x0000000081a00000, 0x0000000081a00000| Untracked 
|   9|0x0000000081b00000, 0x0000000081c00000, 0x0000000081c00000|100%| O|  |TAMS 0x0000000081b00000, 0x0000000081b00000| Untracked 
|  10|0x0000000081c00000, 0x0000000081d00000, 0x0000000081d00000|100%| O|  |TAMS 0x0000000081c00000, 0x0000000081c00000| Untracked 
|  11|0x0000000081d00000, 0x0000000081e00000, 0x0000000081e00000|100%| O|  |TAMS 0x0000000081d00000, 0x0000000081d00000| Untracked 
|  12|0x0000000081e00000, 0x0000000081f00000, 0x0000000081f00000|100%| O|  |TAMS 0x0000000081e00000, 0x0000000081e00000| Untracked 
|  13|0x0000000081f00000, 0x0000000082000000, 0x0000000082000000|100%| O|  |TAMS 0x0000000081f00000, 0x0000000081f00000| Untracked 
|  14|0x0000000082000000, 0x0000000082100000, 0x0000000082100000|100%| O|  |TAMS 0x0000000082000000, 0x0000000082000000| Untracked 
|  15|0x0000000082100000, 0x0000000082200000, 0x0000000082200000|100%| O|  |TAMS 0x0000000082100000, 0x0000000082100000| Untracked 
|  16|0x0000000082200000, 0x0000000082300000, 0x0000000082300000|100%| O|  |TAMS 0x0000000082200000, 0x0000000082200000| Untracked 
|  17|0x0000000082300000, 0x0000000082400000, 0x0000000082400000|100%| O|  |TAMS 0x0000000082300000, 0x0000000082300000| Untracked 
|  18|0x0000000082400000, 0x0000000082450e00, 0x0000000082500000| 31%| O|  |TAMS 0x0000000082400000, 0x0000000082400000| Untracked 
|  19|0x0000000082500000, 0x0000000082500000, 0x0000000082600000|  0%| F|  |TAMS 0x0000000082500000, 0x0000000082500000| Untracked 
|  20|0x0000000082600000, 0x0000000082600000, 0x0000000082700000|  0%| F|  |TAMS 0x0000000082600000, 0x0000000082600000| Untracked 
|  21|0x0000000082700000, 0x0000000082700000, 0x0000000082800000|  0%| F|  |TAMS 0x0000000082700000, 0x0000000082700000| Untracked 
|  22|0x0000000082800000, 0x0000000082800000, 0x0000000082900000|  0%| F|  |TAMS 0x0000000082800000, 0x0000000082800000| Untracked 
|  23|0x0000000082900000, 0x0000000082900000, 0x0000000082a00000|  0%| F|  |TAMS 0x0000000082900000, 0x0000000082900000| Untracked 
|  24|0x0000000082a00000, 0x0000000082a00000, 0x0000000082b00000|  0%| F|  |TAMS 0x0000000082a00000, 0x0000000082a00000| Untracked 
|  25|0x0000000082b00000, 0x0000000082b00000, 0x0000000082c00000|  0%| F|  |TAMS 0x0000000082b00000, 0x0000000082b00000| Untracked 
|  26|0x0000000082c00000, 0x0000000082c00000, 0x0000000082d00000|  0%| F|  |TAMS 0x0000000082c00000, 0x0000000082c00000| Untracked 
|  27|0x0000000082d00000, 0x0000000082d00000, 0x0000000082e00000|  0%| F|  |TAMS 0x0000000082d00000, 0x0000000082d00000| Untracked 
|  28|0x0000000082e00000, 0x0000000082e00000, 0x0000000082f00000|  0%| F|  |TAMS 0x0000000082e00000, 0x0000000082e00000| Untracked 
|  29|0x0000000082f00000, 0x0000000082f00000, 0x0000000083000000|  0%| F|  |TAMS 0x0000000082f00000, 0x0000000082f00000| Untracked 
|  30|0x0000000083000000, 0x0000000083000000, 0x0000000083100000|  0%| F|  |TAMS 0x0000000083000000, 0x0000000083000000| Untracked 
|  31|0x0000000083100000, 0x0000000083100000, 0x0000000083200000|  0%| F|  |TAMS 0x0000000083100000, 0x0000000083100000| Untracked 
|  32|0x0000000083200000, 0x0000000083200000, 0x0000000083300000|  0%| F|  |TAMS 0x0000000083200000, 0x0000000083200000| Untracked 
|  33|0x0000000083300000, 0x0000000083300000, 0x0000000083400000|  0%| F|  |TAMS 0x0000000083300000, 0x0000000083300000| Untracked 
|  34|0x0000000083400000, 0x0000000083400000, 0x0000000083500000|  0%| F|  |TAMS 0x0000000083400000, 0x0000000083400000| Untracked 
|  35|0x0000000083500000, 0x0000000083500000, 0x0000000083600000|  0%| F|  |TAMS 0x0000000083500000, 0x0000000083500000| Untracked 
|  36|0x0000000083600000, 0x0000000083600000, 0x0000000083700000|  0%| F|  |TAMS 0x0000000083600000, 0x0000000083600000| Untracked 
|  37|0x0000000083700000, 0x0000000083700000, 0x0000000083800000|  0%| F|  |TAMS 0x0000000083700000, 0x0000000083700000| Untracked 
|  38|0x0000000083800000, 0x0000000083800000, 0x0000000083900000|  0%| F|  |TAMS 0x0000000083800000, 0x0000000083800000| Untracked 
|  39|0x0000000083900000, 0x0000000083900000, 0x0000000083a00000|  0%| F|  |TAMS 0x0000000083900000, 0x0000000083900000| Untracked 
|  40|0x0000000083a00000, 0x0000000083a00000, 0x0000000083b00000|  0%| F|  |TAMS 0x0000000083a00000, 0x0000000083a00000| Untracked 
|  41|0x0000000083b00000, 0x0000000083b00000, 0x0000000083c00000|  0%| F|  |TAMS 0x0000000083b00000, 0x0000000083b00000| Untracked 
|  42|0x0000000083c00000, 0x0000000083c00000, 0x0000000083d00000|  0%| F|  |TAMS 0x0000000083c00000, 0x0000000083c00000| Untracked 
|  43|0x0000000083d00000, 0x0000000083d00000, 0x0000000083e00000|  0%| F|  |TAMS 0x0000000083d00000, 0x0000000083d00000| Untracked 
|  44|0x0000000083e00000, 0x0000000083e00000, 0x0000000083f00000|  0%| F|  |TAMS 0x0000000083e00000, 0x0000000083e00000| Untracked 
|  45|0x0000000083f00000, 0x0000000083f00000, 0x0000000084000000|  0%| F|  |TAMS 0x0000000083f00000, 0x0000000083f00000| Untracked 
|  46|0x0000000084000000, 0x0000000084000000, 0x0000000084100000|  0%| F|  |TAMS 0x0000000084000000, 0x0000000084000000| Untracked 
|  47|0x0000000084100000, 0x0000000084100000, 0x0000000084200000|  0%| F|  |TAMS 0x0000000084100000, 0x0000000084100000| Untracked 
|  48|0x0000000084200000, 0x0000000084200000, 0x0000000084300000|  0%| F|  |TAMS 0x0000000084200000, 0x0000000084200000| Untracked 
|  49|0x0000000084300000, 0x0000000084300000, 0x0000000084400000|  0%| F|  |TAMS 0x0000000084300000, 0x0000000084300000| Untracked 
|  50|0x0000000084400000, 0x0000000084400000, 0x0000000084500000|  0%| F|  |TAMS 0x0000000084400000, 0x0000000084400000| Untracked 
|  51|0x0000000084500000, 0x0000000084500000, 0x0000000084600000|  0%| F|  |TAMS 0x0000000084500000, 0x0000000084500000| Untracked 
|  52|0x0000000084600000, 0x0000000084600000, 0x0000000084700000|  0%| F|  |TAMS 0x0000000084600000, 0x0000000084600000| Untracked 
|  53|0x0000000084700000, 0x0000000084700000, 0x0000000084800000|  0%| F|  |TAMS 0x0000000084700000, 0x0000000084700000| Untracked 
|  54|0x0000000084800000, 0x0000000084800000, 0x0000000084900000|  0%| F|  |TAMS 0x0000000084800000, 0x0000000084800000| Untracked 
|  55|0x0000000084900000, 0x0000000084900000, 0x0000000084a00000|  0%| F|  |TAMS 0x0000000084900000, 0x0000000084900000| Untracked 
|  56|0x0000000084a00000, 0x0000000084a00000, 0x0000000084b00000|  0%| F|  |TAMS 0x0000000084a00000, 0x0000000084a00000| Untracked 
|  57|0x0000000084b00000, 0x0000000084b00000, 0x0000000084c00000|  0%| F|  |TAMS 0x0000000084b00000, 0x0000000084b00000| Untracked 
|  58|0x0000000084c00000, 0x0000000084c00000, 0x0000000084d00000|  0%| F|  |TAMS 0x0000000084c00000, 0x0000000084c00000| Untracked 
|  59|0x0000000084d00000, 0x0000000084d00000, 0x0000000084e00000|  0%| F|  |TAMS 0x0000000084d00000, 0x0000000084d00000| Untracked 
|  60|0x0000000084e00000, 0x0000000084e00000, 0x0000000084f00000|  0%| F|  |TAMS 0x0000000084e00000, 0x0000000084e00000| Untracked 
|  61|0x0000000084f00000, 0x0000000084f00000, 0x0000000085000000|  0%| F|  |TAMS 0x0000000084f00000, 0x0000000084f00000| Untracked 
|  62|0x0000000085000000, 0x0000000085000000, 0x0000000085100000|  0%| F|  |TAMS 0x0000000085000000, 0x0000000085000000| Untracked 
|  63|0x0000000085100000, 0x0000000085100000, 0x0000000085200000|  0%| F|  |TAMS 0x0000000085100000, 0x0000000085100000| Untracked 
|  64|0x0000000085200000, 0x0000000085200000, 0x0000000085300000|  0%| F|  |TAMS 0x0000000085200000, 0x0000000085200000| Untracked 
|  65|0x0000000085300000, 0x0000000085300000, 0x0000000085400000|  0%| F|  |TAMS 0x0000000085300000, 0x0000000085300000| Untracked 
|  66|0x0000000085400000, 0x0000000085400000, 0x0000000085500000|  0%| F|  |TAMS 0x0000000085400000, 0x0000000085400000| Untracked 
|  67|0x0000000085500000, 0x0000000085500000, 0x0000000085600000|  0%| F|  |TAMS 0x0000000085500000, 0x0000000085500000| Untracked 
|  68|0x0000000085600000, 0x0000000085600000, 0x0000000085700000|  0%| F|  |TAMS 0x0000000085600000, 0x0000000085600000| Untracked 
|  69|0x0000000085700000, 0x0000000085700000, 0x0000000085800000|  0%| F|  |TAMS 0x0000000085700000, 0x0000000085700000| Untracked 
|  70|0x0000000085800000, 0x0000000085800000, 0x0000000085900000|  0%| F|  |TAMS 0x0000000085800000, 0x0000000085800000| Untracked 
|  71|0x0000000085900000, 0x0000000085900000, 0x0000000085a00000|  0%| F|  |TAMS 0x0000000085900000, 0x0000000085900000| Untracked 
|  72|0x0000000085a00000, 0x0000000085a00000, 0x0000000085b00000|  0%| F|  |TAMS 0x0000000085a00000, 0x0000000085a00000| Untracked 
|  73|0x0000000085b00000, 0x0000000085b00000, 0x0000000085c00000|  0%| F|  |TAMS 0x0000000085b00000, 0x0000000085b00000| Untracked 
|  74|0x0000000085c00000, 0x0000000085c00000, 0x0000000085d00000|  0%| F|  |TAMS 0x0000000085c00000, 0x0000000085c00000| Untracked 
|  75|0x0000000085d00000, 0x0000000085d00000, 0x0000000085e00000|  0%| F|  |TAMS 0x0000000085d00000, 0x0000000085d00000| Untracked 
|  76|0x0000000085e00000, 0x0000000085e00000, 0x0000000085f00000|  0%| F|  |TAMS 0x0000000085e00000, 0x0000000085e00000| Untracked 
|  77|0x0000000085f00000, 0x0000000085f00000, 0x0000000086000000|  0%| F|  |TAMS 0x0000000085f00000, 0x0000000085f00000| Untracked 
|  78|0x0000000086000000, 0x0000000086000000, 0x0000000086100000|  0%| F|  |TAMS 0x0000000086000000, 0x0000000086000000| Untracked 
|  79|0x0000000086100000, 0x0000000086100000, 0x0000000086200000|  0%| F|  |TAMS 0x0000000086100000, 0x0000000086100000| Untracked 
|  80|0x0000000086200000, 0x0000000086200000, 0x0000000086300000|  0%| F|  |TAMS 0x0000000086200000, 0x0000000086200000| Untracked 
|  81|0x0000000086300000, 0x0000000086300000, 0x0000000086400000|  0%| F|  |TAMS 0x0000000086300000, 0x0000000086300000| Untracked 
|  82|0x0000000086400000, 0x0000000086400000, 0x0000000086500000|  0%| F|  |TAMS 0x0000000086400000, 0x0000000086400000| Untracked 
|  83|0x0000000086500000, 0x0000000086500000, 0x0000000086600000|  0%| F|  |TAMS 0x0000000086500000, 0x0000000086500000| Untracked 
|  84|0x0000000086600000, 0x0000000086600000, 0x0000000086700000|  0%| F|  |TAMS 0x0000000086600000, 0x0000000086600000| Untracked 
|  85|0x0000000086700000, 0x0000000086700000, 0x0000000086800000|  0%| F|  |TAMS 0x0000000086700000, 0x0000000086700000| Untracked 
|  86|0x0000000086800000, 0x0000000086800000, 0x0000000086900000|  0%| F|  |TAMS 0x0000000086800000, 0x0000000086800000| Untracked 
|  87|0x0000000086900000, 0x0000000086900000, 0x0000000086a00000|  0%| F|  |TAMS 0x0000000086900000, 0x0000000086900000| Untracked 
|  88|0x0000000086a00000, 0x0000000086a00000, 0x0000000086b00000|  0%| F|  |TAMS 0x0000000086a00000, 0x0000000086a00000| Untracked 
|  89|0x0000000086b00000, 0x0000000086b00000, 0x0000000086c00000|  0%| F|  |TAMS 0x0000000086b00000, 0x0000000086b00000| Untracked 
|  90|0x0000000086c00000, 0x0000000086c00000, 0x0000000086d00000|  0%| F|  |TAMS 0x0000000086c00000, 0x0000000086c00000| Untracked 
|  91|0x0000000086d00000, 0x0000000086d00000, 0x0000000086e00000|  0%| F|  |TAMS 0x0000000086d00000, 0x0000000086d00000| Untracked 
|  92|0x0000000086e00000, 0x0000000086e00000, 0x0000000086f00000|  0%| F|  |TAMS 0x0000000086e00000, 0x0000000086e00000| Untracked 
|  93|0x0000000086f00000, 0x0000000086f00000, 0x0000000087000000|  0%| F|  |TAMS 0x0000000086f00000, 0x0000000086f00000| Untracked 
|  94|0x0000000087000000, 0x0000000087000000, 0x0000000087100000|  0%| F|  |TAMS 0x0000000087000000, 0x0000000087000000| Untracked 
|  95|0x0000000087100000, 0x0000000087100000, 0x0000000087200000|  0%| F|  |TAMS 0x0000000087100000, 0x0000000087100000| Untracked 
|  96|0x0000000087200000, 0x0000000087200000, 0x0000000087300000|  0%| F|  |TAMS 0x0000000087200000, 0x0000000087200000| Untracked 
|  97|0x0000000087300000, 0x0000000087300000, 0x0000000087400000|  0%| F|  |TAMS 0x0000000087300000, 0x0000000087300000| Untracked 
|  98|0x0000000087400000, 0x0000000087400000, 0x0000000087500000|  0%| F|  |TAMS 0x0000000087400000, 0x0000000087400000| Untracked 
|  99|0x0000000087500000, 0x0000000087500000, 0x0000000087600000|  0%| F|  |TAMS 0x0000000087500000, 0x0000000087500000| Untracked 
| 100|0x0000000087600000, 0x0000000087600000, 0x0000000087700000|  0%| F|  |TAMS 0x0000000087600000, 0x0000000087600000| Untracked 
| 101|0x0000000087700000, 0x0000000087700000, 0x0000000087800000|  0%| F|  |TAMS 0x0000000087700000, 0x0000000087700000| Untracked 
| 102|0x0000000087800000, 0x0000000087800000, 0x0000000087900000|  0%| F|  |TAMS 0x0000000087800000, 0x0000000087800000| Untracked 
| 103|0x0000000087900000, 0x0000000087900000, 0x0000000087a00000|  0%| F|  |TAMS 0x0000000087900000, 0x0000000087900000| Untracked 
| 104|0x0000000087a00000, 0x0000000087a00000, 0x0000000087b00000|  0%| F|  |TAMS 0x0000000087a00000, 0x0000000087a00000| Untracked 
| 105|0x0000000087b00000, 0x0000000087b00000, 0x0000000087c00000|  0%| F|  |TAMS 0x0000000087b00000, 0x0000000087b00000| Untracked 
| 106|0x0000000087c00000, 0x0000000087c00000, 0x0000000087d00000|  0%| F|  |TAMS 0x0000000087c00000, 0x0000000087c00000| Untracked 
| 107|0x0000000087d00000, 0x0000000087d00000, 0x0000000087e00000|  0%| F|  |TAMS 0x0000000087d00000, 0x0000000087d00000| Untracked 
| 108|0x0000000087e00000, 0x0000000087e00000, 0x0000000087f00000|  0%| F|  |TAMS 0x0000000087e00000, 0x0000000087e00000| Untracked 
| 109|0x0000000087f00000, 0x0000000087f00000, 0x0000000088000000|  0%| F|  |TAMS 0x0000000087f00000, 0x0000000087f00000| Untracked 
| 110|0x0000000088000000, 0x0000000088000000, 0x0000000088100000|  0%| F|  |TAMS 0x0000000088000000, 0x0000000088000000| Untracked 
| 111|0x0000000088100000, 0x0000000088100000, 0x0000000088200000|  0%| F|  |TAMS 0x0000000088100000, 0x0000000088100000| Untracked 
| 112|0x0000000088200000, 0x0000000088200000, 0x0000000088300000|  0%| F|  |TAMS 0x0000000088200000, 0x0000000088200000| Untracked 
| 113|0x0000000088300000, 0x0000000088300000, 0x0000000088400000|  0%| F|  |TAMS 0x0000000088300000, 0x0000000088300000| Untracked 
| 114|0x0000000088400000, 0x0000000088400000, 0x0000000088500000|  0%| F|  |TAMS 0x0000000088400000, 0x0000000088400000| Untracked 
| 115|0x0000000088500000, 0x0000000088500000, 0x0000000088600000|  0%| F|  |TAMS 0x0000000088500000, 0x0000000088500000| Untracked 
| 116|0x0000000088600000, 0x0000000088600000, 0x0000000088700000|  0%| F|  |TAMS 0x0000000088600000, 0x0000000088600000| Untracked 
| 117|0x0000000088700000, 0x0000000088700000, 0x0000000088800000|  0%| F|  |TAMS 0x0000000088700000, 0x0000000088700000| Untracked 
| 118|0x0000000088800000, 0x0000000088800000, 0x0000000088900000|  0%| F|  |TAMS 0x0000000088800000, 0x0000000088800000| Untracked 
| 119|0x0000000088900000, 0x0000000088900000, 0x0000000088a00000|  0%| F|  |TAMS 0x0000000088900000, 0x0000000088900000| Untracked 
| 120|0x0000000088a00000, 0x0000000088a00000, 0x0000000088b00000|  0%| F|  |TAMS 0x0000000088a00000, 0x0000000088a00000| Untracked 
| 121|0x0000000088b00000, 0x0000000088b00000, 0x0000000088c00000|  0%| F|  |TAMS 0x0000000088b00000, 0x0000000088b00000| Untracked 
| 122|0x0000000088c00000, 0x0000000088c00000, 0x0000000088d00000|  0%| F|  |TAMS 0x0000000088c00000, 0x0000000088c00000| Untracked 
| 123|0x0000000088d00000, 0x0000000088d00000, 0x0000000088e00000|  0%| F|  |TAMS 0x0000000088d00000, 0x0000000088d00000| Untracked 
| 124|0x0000000088e00000, 0x0000000088e00000, 0x0000000088f00000|  0%| F|  |TAMS 0x0000000088e00000, 0x0000000088e00000| Untracked 
| 125|0x0000000088f00000, 0x0000000088f00000, 0x0000000089000000|  0%| F|  |TAMS 0x0000000088f00000, 0x0000000088f00000| Untracked 
| 126|0x0000000089000000, 0x0000000089000000, 0x0000000089100000|  0%| F|  |TAMS 0x0000000089000000, 0x0000000089000000| Untracked 
| 127|0x0000000089100000, 0x0000000089100000, 0x0000000089200000|  0%| F|  |TAMS 0x0000000089100000, 0x0000000089100000| Untracked 
| 128|0x0000000089200000, 0x0000000089200000, 0x0000000089300000|  0%| F|  |TAMS 0x0000000089200000, 0x0000000089200000| Untracked 
| 129|0x0000000089300000, 0x0000000089300000, 0x0000000089400000|  0%| F|  |TAMS 0x0000000089300000, 0x0000000089300000| Untracked 
| 130|0x0000000089400000, 0x0000000089400000, 0x0000000089500000|  0%| F|  |TAMS 0x0000000089400000, 0x0000000089400000| Untracked 
| 131|0x0000000089500000, 0x0000000089500000, 0x0000000089600000|  0%| F|  |TAMS 0x0000000089500000, 0x0000000089500000| Untracked 
| 132|0x0000000089600000, 0x0000000089600000, 0x0000000089700000|  0%| F|  |TAMS 0x0000000089600000, 0x0000000089600000| Untracked 
| 133|0x0000000089700000, 0x0000000089700000, 0x0000000089800000|  0%| F|  |TAMS 0x0000000089700000, 0x0000000089700000| Untracked 
| 134|0x0000000089800000, 0x0000000089800000, 0x0000000089900000|  0%| F|  |TAMS 0x0000000089800000, 0x0000000089800000| Untracked 
| 135|0x0000000089900000, 0x0000000089900000, 0x0000000089a00000|  0%| F|  |TAMS 0x0000000089900000, 0x0000000089900000| Untracked 
| 136|0x0000000089a00000, 0x0000000089a00000, 0x0000000089b00000|  0%| F|  |TAMS 0x0000000089a00000, 0x0000000089a00000| Untracked 
| 137|0x0000000089b00000, 0x0000000089b00000, 0x0000000089c00000|  0%| F|  |TAMS 0x0000000089b00000, 0x0000000089b00000| Untracked 
| 138|0x0000000089c00000, 0x0000000089c00000, 0x0000000089d00000|  0%| F|  |TAMS 0x0000000089c00000, 0x0000000089c00000| Untracked 
| 139|0x0000000089d00000, 0x0000000089d00000, 0x0000000089e00000|  0%| F|  |TAMS 0x0000000089d00000, 0x0000000089d00000| Untracked 
| 140|0x0000000089e00000, 0x0000000089e00000, 0x0000000089f00000|  0%| F|  |TAMS 0x0000000089e00000, 0x0000000089e00000| Untracked 
| 141|0x0000000089f00000, 0x0000000089f00000, 0x000000008a000000|  0%| F|  |TAMS 0x0000000089f00000, 0x0000000089f00000| Untracked 
| 142|0x000000008a000000, 0x000000008a000000, 0x000000008a100000|  0%| F|  |TAMS 0x000000008a000000, 0x000000008a000000| Untracked 
| 143|0x000000008a100000, 0x000000008a100000, 0x000000008a200000|  0%| F|  |TAMS 0x000000008a100000, 0x000000008a100000| Untracked 
| 144|0x000000008a200000, 0x000000008a200000, 0x000000008a300000|  0%| F|  |TAMS 0x000000008a200000, 0x000000008a200000| Untracked 
| 145|0x000000008a300000, 0x000000008a300000, 0x000000008a400000|  0%| F|  |TAMS 0x000000008a300000, 0x000000008a300000| Untracked 
| 146|0x000000008a400000, 0x000000008a400000, 0x000000008a500000|  0%| F|  |TAMS 0x000000008a400000, 0x000000008a400000| Untracked 
| 147|0x000000008a500000, 0x000000008a500000, 0x000000008a600000|  0%| F|  |TAMS 0x000000008a500000, 0x000000008a500000| Untracked 
| 148|0x000000008a600000, 0x000000008a600000, 0x000000008a700000|  0%| F|  |TAMS 0x000000008a600000, 0x000000008a600000| Untracked 
| 149|0x000000008a700000, 0x000000008a700000, 0x000000008a800000|  0%| F|  |TAMS 0x000000008a700000, 0x000000008a700000| Untracked 
| 150|0x000000008a800000, 0x000000008a800000, 0x000000008a900000|  0%| F|  |TAMS 0x000000008a800000, 0x000000008a800000| Untracked 
| 151|0x000000008a900000, 0x000000008a900000, 0x000000008aa00000|  0%| F|  |TAMS 0x000000008a900000, 0x000000008a900000| Untracked 
| 152|0x000000008aa00000, 0x000000008aa00000, 0x000000008ab00000|  0%| F|  |TAMS 0x000000008aa00000, 0x000000008aa00000| Untracked 
| 153|0x000000008ab00000, 0x000000008ab00000, 0x000000008ac00000|  0%| F|  |TAMS 0x000000008ab00000, 0x000000008ab00000| Untracked 
| 154|0x000000008ac00000, 0x000000008ac00000, 0x000000008ad00000|  0%| F|  |TAMS 0x000000008ac00000, 0x000000008ac00000| Untracked 
| 155|0x000000008ad00000, 0x000000008ad00000, 0x000000008ae00000|  0%| F|  |TAMS 0x000000008ad00000, 0x000000008ad00000| Untracked 
| 156|0x000000008ae00000, 0x000000008ae00000, 0x000000008af00000|  0%| F|  |TAMS 0x000000008ae00000, 0x000000008ae00000| Untracked 
| 157|0x000000008af00000, 0x000000008af00000, 0x000000008b000000|  0%| F|  |TAMS 0x000000008af00000, 0x000000008af00000| Untracked 
| 158|0x000000008b000000, 0x000000008b000000, 0x000000008b100000|  0%| F|  |TAMS 0x000000008b000000, 0x000000008b000000| Untracked 
| 159|0x000000008b100000, 0x000000008b100000, 0x000000008b200000|  0%| F|  |TAMS 0x000000008b100000, 0x000000008b100000| Untracked 
| 160|0x000000008b200000, 0x000000008b200000, 0x000000008b300000|  0%| F|  |TAMS 0x000000008b200000, 0x000000008b200000| Untracked 
| 161|0x000000008b300000, 0x000000008b300000, 0x000000008b400000|  0%| F|  |TAMS 0x000000008b300000, 0x000000008b300000| Untracked 
| 162|0x000000008b400000, 0x000000008b400000, 0x000000008b500000|  0%| F|  |TAMS 0x000000008b400000, 0x000000008b400000| Untracked 
| 163|0x000000008b500000, 0x000000008b500000, 0x000000008b600000|  0%| F|  |TAMS 0x000000008b500000, 0x000000008b500000| Untracked 
| 164|0x000000008b600000, 0x000000008b600000, 0x000000008b700000|  0%| F|  |TAMS 0x000000008b600000, 0x000000008b600000| Untracked 
| 165|0x000000008b700000, 0x000000008b700000, 0x000000008b800000|  0%| F|  |TAMS 0x000000008b700000, 0x000000008b700000| Untracked 
| 166|0x000000008b800000, 0x000000008b800000, 0x000000008b900000|  0%| F|  |TAMS 0x000000008b800000, 0x000000008b800000| Untracked 
| 167|0x000000008b900000, 0x000000008b900000, 0x000000008ba00000|  0%| F|  |TAMS 0x000000008b900000, 0x000000008b900000| Untracked 
| 168|0x000000008ba00000, 0x000000008ba00000, 0x000000008bb00000|  0%| F|  |TAMS 0x000000008ba00000, 0x000000008ba00000| Untracked 
| 169|0x000000008bb00000, 0x000000008bb00000, 0x000000008bc00000|  0%| F|  |TAMS 0x000000008bb00000, 0x000000008bb00000| Untracked 
| 170|0x000000008bc00000, 0x000000008bc00000, 0x000000008bd00000|  0%| F|  |TAMS 0x000000008bc00000, 0x000000008bc00000| Untracked 
| 171|0x000000008bd00000, 0x000000008bd00000, 0x000000008be00000|  0%| F|  |TAMS 0x000000008bd00000, 0x000000008bd00000| Untracked 
| 172|0x000000008be00000, 0x000000008be00000, 0x000000008bf00000|  0%| F|  |TAMS 0x000000008be00000, 0x000000008be00000| Untracked 
| 173|0x000000008bf00000, 0x000000008bf00000, 0x000000008c000000|  0%| F|  |TAMS 0x000000008bf00000, 0x000000008bf00000| Untracked 
| 174|0x000000008c000000, 0x000000008c000000, 0x000000008c100000|  0%| F|  |TAMS 0x000000008c000000, 0x000000008c000000| Untracked 
| 175|0x000000008c100000, 0x000000008c100000, 0x000000008c200000|  0%| F|  |TAMS 0x000000008c100000, 0x000000008c100000| Untracked 
| 176|0x000000008c200000, 0x000000008c200000, 0x000000008c300000|  0%| F|  |TAMS 0x000000008c200000, 0x000000008c200000| Untracked 
| 177|0x000000008c300000, 0x000000008c300000, 0x000000008c400000|  0%| F|  |TAMS 0x000000008c300000, 0x000000008c300000| Untracked 
| 178|0x000000008c400000, 0x000000008c400000, 0x000000008c500000|  0%| F|  |TAMS 0x000000008c400000, 0x000000008c400000| Untracked 
| 179|0x000000008c500000, 0x000000008c500000, 0x000000008c600000|  0%| F|  |TAMS 0x000000008c500000, 0x000000008c500000| Untracked 
| 180|0x000000008c600000, 0x000000008c600000, 0x000000008c700000|  0%| F|  |TAMS 0x000000008c600000, 0x000000008c600000| Untracked 
| 181|0x000000008c700000, 0x000000008c700000, 0x000000008c800000|  0%| F|  |TAMS 0x000000008c700000, 0x000000008c700000| Untracked 
| 182|0x000000008c800000, 0x000000008c800000, 0x000000008c900000|  0%| F|  |TAMS 0x000000008c800000, 0x000000008c800000| Untracked 
| 183|0x000000008c900000, 0x000000008c900000, 0x000000008ca00000|  0%| F|  |TAMS 0x000000008c900000, 0x000000008c900000| Untracked 
| 184|0x000000008ca00000, 0x000000008ca00000, 0x000000008cb00000|  0%| F|  |TAMS 0x000000008ca00000, 0x000000008ca00000| Untracked 
| 185|0x000000008cb00000, 0x000000008cb00000, 0x000000008cc00000|  0%| F|  |TAMS 0x000000008cb00000, 0x000000008cb00000| Untracked 
| 186|0x000000008cc00000, 0x000000008cc00000, 0x000000008cd00000|  0%| F|  |TAMS 0x000000008cc00000, 0x000000008cc00000| Untracked 
| 187|0x000000008cd00000, 0x000000008cd00000, 0x000000008ce00000|  0%| F|  |TAMS 0x000000008cd00000, 0x000000008cd00000| Untracked 
| 188|0x000000008ce00000, 0x000000008ce00000, 0x000000008cf00000|  0%| F|  |TAMS 0x000000008ce00000, 0x000000008ce00000| Untracked 
| 189|0x000000008cf00000, 0x000000008cf00000, 0x000000008d000000|  0%| F|  |TAMS 0x000000008cf00000, 0x000000008cf00000| Untracked 
| 190|0x000000008d000000, 0x000000008d000000, 0x000000008d100000|  0%| F|  |TAMS 0x000000008d000000, 0x000000008d000000| Untracked 
| 191|0x000000008d100000, 0x000000008d100000, 0x000000008d200000|  0%| F|  |TAMS 0x000000008d100000, 0x000000008d100000| Untracked 
| 192|0x000000008d200000, 0x000000008d200000, 0x000000008d300000|  0%| F|  |TAMS 0x000000008d200000, 0x000000008d200000| Untracked 
| 193|0x000000008d300000, 0x000000008d300000, 0x000000008d400000|  0%| F|  |TAMS 0x000000008d300000, 0x000000008d300000| Untracked 
| 194|0x000000008d400000, 0x000000008d400000, 0x000000008d500000|  0%| F|  |TAMS 0x000000008d400000, 0x000000008d400000| Untracked 
| 195|0x000000008d500000, 0x000000008d500000, 0x000000008d600000|  0%| F|  |TAMS 0x000000008d500000, 0x000000008d500000| Untracked 
| 196|0x000000008d600000, 0x000000008d600000, 0x000000008d700000|  0%| F|  |TAMS 0x000000008d600000, 0x000000008d600000| Untracked 
| 197|0x000000008d700000, 0x000000008d700000, 0x000000008d800000|  0%| F|  |TAMS 0x000000008d700000, 0x000000008d700000| Untracked 
| 198|0x000000008d800000, 0x000000008d800000, 0x000000008d900000|  0%| F|  |TAMS 0x000000008d800000, 0x000000008d800000| Untracked 
| 199|0x000000008d900000, 0x000000008d900000, 0x000000008da00000|  0%| F|  |TAMS 0x000000008d900000, 0x000000008d900000| Untracked 
| 200|0x000000008da00000, 0x000000008da00000, 0x000000008db00000|  0%| F|  |TAMS 0x000000008da00000, 0x000000008da00000| Untracked 
| 201|0x000000008db00000, 0x000000008db00000, 0x000000008dc00000|  0%| F|  |TAMS 0x000000008db00000, 0x000000008db00000| Untracked 
| 202|0x000000008dc00000, 0x000000008dc00000, 0x000000008dd00000|  0%| F|  |TAMS 0x000000008dc00000, 0x000000008dc00000| Untracked 
| 203|0x000000008dd00000, 0x000000008dd00000, 0x000000008de00000|  0%| F|  |TAMS 0x000000008dd00000, 0x000000008dd00000| Untracked 
| 204|0x000000008de00000, 0x000000008de00000, 0x000000008df00000|  0%| F|  |TAMS 0x000000008de00000, 0x000000008de00000| Untracked 
| 205|0x000000008df00000, 0x000000008df00000, 0x000000008e000000|  0%| F|  |TAMS 0x000000008df00000, 0x000000008df00000| Untracked 
| 206|0x000000008e000000, 0x000000008e000000, 0x000000008e100000|  0%| F|  |TAMS 0x000000008e000000, 0x000000008e000000| Untracked 
| 207|0x000000008e100000, 0x000000008e100000, 0x000000008e200000|  0%| F|  |TAMS 0x000000008e100000, 0x000000008e100000| Untracked 
| 208|0x000000008e200000, 0x000000008e200000, 0x000000008e300000|  0%| F|  |TAMS 0x000000008e200000, 0x000000008e200000| Untracked 
| 209|0x000000008e300000, 0x000000008e300000, 0x000000008e400000|  0%| F|  |TAMS 0x000000008e300000, 0x000000008e300000| Untracked 
| 210|0x000000008e400000, 0x000000008e400000, 0x000000008e500000|  0%| F|  |TAMS 0x000000008e400000, 0x000000008e400000| Untracked 
| 211|0x000000008e500000, 0x000000008e500000, 0x000000008e600000|  0%| F|  |TAMS 0x000000008e500000, 0x000000008e500000| Untracked 
| 212|0x000000008e600000, 0x000000008e600000, 0x000000008e700000|  0%| F|  |TAMS 0x000000008e600000, 0x000000008e600000| Untracked 
| 213|0x000000008e700000, 0x000000008e700000, 0x000000008e800000|  0%| F|  |TAMS 0x000000008e700000, 0x000000008e700000| Untracked 
| 214|0x000000008e800000, 0x000000008e800000, 0x000000008e900000|  0%| F|  |TAMS 0x000000008e800000, 0x000000008e800000| Untracked 
| 215|0x000000008e900000, 0x000000008e900000, 0x000000008ea00000|  0%| F|  |TAMS 0x000000008e900000, 0x000000008e900000| Untracked 
| 216|0x000000008ea00000, 0x000000008ea00000, 0x000000008eb00000|  0%| F|  |TAMS 0x000000008ea00000, 0x000000008ea00000| Untracked 
| 217|0x000000008eb00000, 0x000000008eb00000, 0x000000008ec00000|  0%| F|  |TAMS 0x000000008eb00000, 0x000000008eb00000| Untracked 
| 218|0x000000008ec00000, 0x000000008ec00000, 0x000000008ed00000|  0%| F|  |TAMS 0x000000008ec00000, 0x000000008ec00000| Untracked 
| 219|0x000000008ed00000, 0x000000008ed00000, 0x000000008ee00000|  0%| F|  |TAMS 0x000000008ed00000, 0x000000008ed00000| Untracked 
| 220|0x000000008ee00000, 0x000000008ee00000, 0x000000008ef00000|  0%| F|  |TAMS 0x000000008ee00000, 0x000000008ee00000| Untracked 
| 221|0x000000008ef00000, 0x000000008ef00000, 0x000000008f000000|  0%| F|  |TAMS 0x000000008ef00000, 0x000000008ef00000| Untracked 
| 222|0x000000008f000000, 0x000000008f000000, 0x000000008f100000|  0%| F|  |TAMS 0x000000008f000000, 0x000000008f000000| Untracked 
| 223|0x000000008f100000, 0x000000008f100000, 0x000000008f200000|  0%| F|  |TAMS 0x000000008f100000, 0x000000008f100000| Untracked 
| 224|0x000000008f200000, 0x000000008f200000, 0x000000008f300000|  0%| F|  |TAMS 0x000000008f200000, 0x000000008f200000| Untracked 
| 225|0x000000008f300000, 0x000000008f300000, 0x000000008f400000|  0%| F|  |TAMS 0x000000008f300000, 0x000000008f300000| Untracked 
| 226|0x000000008f400000, 0x000000008f400000, 0x000000008f500000|  0%| F|  |TAMS 0x000000008f400000, 0x000000008f400000| Untracked 
| 227|0x000000008f500000, 0x000000008f500000, 0x000000008f600000|  0%| F|  |TAMS 0x000000008f500000, 0x000000008f500000| Untracked 
| 228|0x000000008f600000, 0x000000008f600000, 0x000000008f700000|  0%| F|  |TAMS 0x000000008f600000, 0x000000008f600000| Untracked 
| 229|0x000000008f700000, 0x000000008f700000, 0x000000008f800000|  0%| F|  |TAMS 0x000000008f700000, 0x000000008f700000| Untracked 
| 230|0x000000008f800000, 0x000000008f800000, 0x000000008f900000|  0%| F|  |TAMS 0x000000008f800000, 0x000000008f800000| Untracked 
| 231|0x000000008f900000, 0x000000008f900000, 0x000000008fa00000|  0%| F|  |TAMS 0x000000008f900000, 0x000000008f900000| Untracked 
| 232|0x000000008fa00000, 0x000000008fa00000, 0x000000008fb00000|  0%| F|  |TAMS 0x000000008fa00000, 0x000000008fa00000| Untracked 
| 233|0x000000008fb00000, 0x000000008fb00000, 0x000000008fc00000|  0%| F|  |TAMS 0x000000008fb00000, 0x000000008fb00000| Untracked 
| 234|0x000000008fc00000, 0x000000008fc00000, 0x000000008fd00000|  0%| F|  |TAMS 0x000000008fc00000, 0x000000008fc00000| Untracked 
| 235|0x000000008fd00000, 0x000000008fd00000, 0x000000008fe00000|  0%| F|  |TAMS 0x000000008fd00000, 0x000000008fd00000| Untracked 
| 236|0x000000008fe00000, 0x000000008fe00000, 0x000000008ff00000|  0%| F|  |TAMS 0x000000008fe00000, 0x000000008fe00000| Untracked 
| 237|0x000000008ff00000, 0x000000008ff00000, 0x0000000090000000|  0%| F|  |TAMS 0x000000008ff00000, 0x000000008ff00000| Untracked 
| 238|0x0000000090000000, 0x0000000090000000, 0x0000000090100000|  0%| F|  |TAMS 0x0000000090000000, 0x0000000090000000| Untracked 
| 239|0x0000000090100000, 0x0000000090100000, 0x0000000090200000|  0%| F|  |TAMS 0x0000000090100000, 0x0000000090100000| Untracked 
| 240|0x0000000090200000, 0x0000000090200000, 0x0000000090300000|  0%| F|  |TAMS 0x0000000090200000, 0x0000000090200000| Untracked 
| 241|0x0000000090300000, 0x0000000090300000, 0x0000000090400000|  0%| F|  |TAMS 0x0000000090300000, 0x0000000090300000| Untracked 
| 242|0x0000000090400000, 0x0000000090400000, 0x0000000090500000|  0%| F|  |TAMS 0x0000000090400000, 0x0000000090400000| Untracked 
| 243|0x0000000090500000, 0x0000000090500000, 0x0000000090600000|  0%| F|  |TAMS 0x0000000090500000, 0x0000000090500000| Untracked 
| 244|0x0000000090600000, 0x0000000090600000, 0x0000000090700000|  0%| F|  |TAMS 0x0000000090600000, 0x0000000090600000| Untracked 
| 245|0x0000000090700000, 0x0000000090700000, 0x0000000090800000|  0%| F|  |TAMS 0x0000000090700000, 0x0000000090700000| Untracked 
| 246|0x0000000090800000, 0x0000000090800000, 0x0000000090900000|  0%| F|  |TAMS 0x0000000090800000, 0x0000000090800000| Untracked 
| 247|0x0000000090900000, 0x0000000090900000, 0x0000000090a00000|  0%| F|  |TAMS 0x0000000090900000, 0x0000000090900000| Untracked 
| 248|0x0000000090a00000, 0x0000000090a00000, 0x0000000090b00000|  0%| F|  |TAMS 0x0000000090a00000, 0x0000000090a00000| Untracked 
| 249|0x0000000090b00000, 0x0000000090b00000, 0x0000000090c00000|  0%| F|  |TAMS 0x0000000090b00000, 0x0000000090b00000| Untracked 
| 250|0x0000000090c00000, 0x0000000090c00000, 0x0000000090d00000|  0%| F|  |TAMS 0x0000000090c00000, 0x0000000090c00000| Untracked 
| 251|0x0000000090d00000, 0x0000000090d00000, 0x0000000090e00000|  0%| F|  |TAMS 0x0000000090d00000, 0x0000000090d00000| Untracked 
| 252|0x0000000090e00000, 0x0000000090e00000, 0x0000000090f00000|  0%| F|  |TAMS 0x0000000090e00000, 0x0000000090e00000| Untracked 
| 253|0x0000000090f00000, 0x0000000090f00000, 0x0000000091000000|  0%| F|  |TAMS 0x0000000090f00000, 0x0000000090f00000| Untracked 
| 254|0x0000000091000000, 0x0000000091000000, 0x0000000091100000|  0%| F|  |TAMS 0x0000000091000000, 0x0000000091000000| Untracked 
| 255|0x0000000091100000, 0x000000009110e368, 0x0000000091200000|  5%| S|CS|TAMS 0x0000000091100000, 0x0000000091100000| Complete 
| 256|0x0000000091200000, 0x0000000091300000, 0x0000000091300000|100%| S|CS|TAMS 0x0000000091200000, 0x0000000091200000| Complete 
| 257|0x0000000091300000, 0x0000000091300000, 0x0000000091400000|  0%| F|  |TAMS 0x0000000091300000, 0x0000000091300000| Untracked 
| 258|0x0000000091400000, 0x0000000091400000, 0x0000000091500000|  0%| F|  |TAMS 0x0000000091400000, 0x0000000091400000| Untracked 
| 259|0x0000000091500000, 0x0000000091500000, 0x0000000091600000|  0%| F|  |TAMS 0x0000000091500000, 0x0000000091500000| Untracked 
| 260|0x0000000091600000, 0x0000000091600000, 0x0000000091700000|  0%| F|  |TAMS 0x0000000091600000, 0x0000000091600000| Untracked 
| 261|0x0000000091700000, 0x0000000091700000, 0x0000000091800000|  0%| F|  |TAMS 0x0000000091700000, 0x0000000091700000| Untracked 
| 262|0x0000000091800000, 0x0000000091800000, 0x0000000091900000|  0%| F|  |TAMS 0x0000000091800000, 0x0000000091800000| Untracked 
| 263|0x0000000091900000, 0x0000000091900000, 0x0000000091a00000|  0%| F|  |TAMS 0x0000000091900000, 0x0000000091900000| Untracked 
| 264|0x0000000091a00000, 0x0000000091a00000, 0x0000000091b00000|  0%| F|  |TAMS 0x0000000091a00000, 0x0000000091a00000| Untracked 
| 265|0x0000000091b00000, 0x0000000091b00000, 0x0000000091c00000|  0%| F|  |TAMS 0x0000000091b00000, 0x0000000091b00000| Untracked 
| 266|0x0000000091c00000, 0x0000000091c00000, 0x0000000091d00000|  0%| F|  |TAMS 0x0000000091c00000, 0x0000000091c00000| Untracked 
| 267|0x0000000091d00000, 0x0000000091d00000, 0x0000000091e00000|  0%| F|  |TAMS 0x0000000091d00000, 0x0000000091d00000| Untracked 
| 268|0x0000000091e00000, 0x0000000091e00000, 0x0000000091f00000|  0%| F|  |TAMS 0x0000000091e00000, 0x0000000091e00000| Untracked 
| 269|0x0000000091f00000, 0x0000000091f00000, 0x0000000092000000|  0%| F|  |TAMS 0x0000000091f00000, 0x0000000091f00000| Untracked 

Card table byte_map: [0x0000000006ce0000,0x00000000070e0000] _byte_map_base: 0x00000000068d7000

Marking Bits (Prev, Next): (CMBitMap*) 0x00000000001c1c18, (CMBitMap*) 0x00000000001c1c50
 Prev Bits: [0x00000000074e0000, 0x0000000009498000)
 Next Bits: [0x00000000094a0000, 0x000000000b458000)

Polling page: 0x0000000001cd0000

Metaspace:

Usage:
  Non-class:     38.48 MB capacity,    37.61 MB ( 98%) used,   731.77 KB (  2%) free+waste,   164.44 KB ( <1%) overhead. 
      Class:      6.37 MB capacity,     5.81 MB ( 91%) used,   493.04 KB (  8%) free+waste,    80.63 KB (  1%) overhead. 
       Both:     44.85 MB capacity,    43.42 MB ( 97%) used,     1.20 MB (  3%) free+waste,   245.06 KB ( <1%) overhead. 

Virtual space:
  Non-class space:       40.00 MB reserved,      38.67 MB ( 97%) committed 
      Class space:        1.00 GB reserved,       6.38 MB ( <1%) committed 
             Both:        1.04 GB reserved,      45.05 MB (  4%) committed 

Chunk freelists:
   Non-Class:  3.00 KB
       Class:  6.00 KB
        Both:  9.00 KB

CodeHeap 'non-profiled nmethods': size=238912Kb used=7132Kb max_used=7132Kb free=231779Kb
 bounds [0x000000000f6c0000, 0x000000000fdc0000, 0x000000001e010000]
CodeHeap 'non-nmethods': size=6848Kb used=1337Kb max_used=1337Kb free=5510Kb
 bounds [0x000000000f010000, 0x000000000f280000, 0x000000000f6c0000]
 total_blobs=4718 nmethods=4088 adapters=547
 compilation: enabled
              stopped_count=0, restarted_count=0
 full_count=0

Compilation events (10 events):
Event: 30.622 Thread 0x000000000eaeb000 nmethod 4106 0x000000000fdb5290 code [0x000000000fdb5460, 0x000000000fdb57f0]
Event: 30.645 Thread 0x000000000eaeb000 4107       1       org.hibernate.internal.util.collections.JoinedIterator::hasNext (14 bytes)
Event: 30.645 Thread 0x000000000eaeb000 nmethod 4107 0x000000000fdb5910 code [0x000000000fdb5ae0, 0x000000000fdb5c80]
Event: 30.646 Thread 0x000000000eaeb000 4108       1       org.hibernate.mapping.Property::getPersistentClass (5 bytes)
Event: 30.647 Thread 0x000000000eaeb000 nmethod 4108 0x000000000fdb5d10 code [0x000000000fdb5ec0, 0x000000000fdb5ff8]
Event: 30.796 Thread 0x000000000eaeb000 4119       1       java.util.AbstractList::equals (117 bytes)
Event: 30.796 Thread 0x000000000eaeb000 nmethod 4119 0x000000000fdb6090 code [0x000000000fdb62c0, 0x000000000fdb6730]
Event: 30.796 Thread 0x000000000eaeb000 4109       1       java.util.AbstractCollection::toArray (70 bytes)
Event: 30.797 Thread 0x000000000eaeb000 nmethod 4109 0x000000000fdb6910 code [0x000000000fdb6b20, 0x000000000fdb6fb0]
Event: 30.797 Thread 0x000000000eaeb000 4115       1       net.bytebuddy.description.method.MethodDescription$TypeToken::hashCode (70 bytes)

GC Heap History (10 events):
Event: 26.347 GC heap after
{Heap after GC invocations=11 (full 0):
 garbage-first heap   total 276480K, used 19313K [0x0000000081200000, 0x0000000100000000)
  region size 1024K, 2 young (2048K), 2 survivors (2048K)
 Metaspace       used 35173K, capacity 36526K, committed 36784K, reserved 1081344K
  class space    used 4524K, capacity 5079K, committed 5120K, reserved 1048576K
}
Event: 27.459 GC heap before
{Heap before GC invocations=11 (full 0):
 garbage-first heap   total 276480K, used 30577K [0x0000000081200000, 0x0000000100000000)
  region size 1024K, 13 young (13312K), 2 survivors (2048K)
 Metaspace       used 36979K, capacity 38407K, committed 38704K, reserved 1083392K
  class space    used 4845K, capacity 5405K, committed 5504K, reserved 1048576K
}
Event: 27.463 GC heap after
{Heap after GC invocations=12 (full 0):
 garbage-first heap   total 276480K, used 18669K [0x0000000081200000, 0x0000000100000000)
  region size 1024K, 2 young (2048K), 2 survivors (2048K)
 Metaspace       used 36979K, capacity 38407K, committed 38704K, reserved 1083392K
  class space    used 4845K, capacity 5405K, committed 5504K, reserved 1048576K
}
Event: 28.428 GC heap before
{Heap before GC invocations=12 (full 0):
 garbage-first heap   total 276480K, used 28909K [0x0000000081200000, 0x0000000100000000)
  region size 1024K, 13 young (13312K), 2 survivors (2048K)
 Metaspace       used 39053K, capacity 40452K, committed 40752K, reserved 1085440K
  class space    used 5150K, capacity 5703K, committed 5760K, reserved 1048576K
}
Event: 28.444 GC heap after
{Heap after GC invocations=13 (full 0):
 garbage-first heap   total 276480K, used 18749K [0x0000000081200000, 0x0000000100000000)
  region size 1024K, 2 young (2048K), 2 survivors (2048K)
 Metaspace       used 39053K, capacity 40452K, committed 40752K, reserved 1085440K
  class space    used 5150K, capacity 5703K, committed 5760K, reserved 1048576K
}
Event: 29.168 GC heap before
{Heap before GC invocations=13 (full 0):
 garbage-first heap   total 276480K, used 30013K [0x0000000081200000, 0x0000000100000000)
  region size 1024K, 13 young (13312K), 2 survivors (2048K)
 Metaspace       used 40941K, capacity 42391K, committed 42544K, reserved 1085440K
  class space    used 5401K, capacity 5965K, committed 6016K, reserved 1048576K
}
Event: 29.180 GC heap after
{Heap after GC invocations=14 (full 0):
 garbage-first heap   total 276480K, used 19236K [0x0000000081200000, 0x0000000100000000)
  region size 1024K, 2 young (2048K), 2 survivors (2048K)
 Metaspace       used 40941K, capacity 42391K, committed 42544K, reserved 1085440K
  class space    used 5401K, capacity 5965K, committed 6016K, reserved 1048576K
}
Event: 30.200 GC heap before
{Heap before GC invocations=14 (full 0):
 garbage-first heap   total 276480K, used 30500K [0x0000000081200000, 0x0000000100000000)
  region size 1024K, 13 young (13312K), 2 survivors (2048K)
 Metaspace       used 43068K, capacity 44489K, committed 44592K, reserved 1087488K
  class space    used 5707K, capacity 6259K, committed 6272K, reserved 1048576K
}
Event: 30.246 GC heap after
{Heap after GC invocations=15 (full 0):
 garbage-first heap   total 276480K, used 19441K [0x0000000081200000, 0x0000000100000000)
  region size 1024K, 2 young (2048K), 2 survivors (2048K)
 Metaspace       used 43068K, capacity 44489K, committed 44592K, reserved 1087488K
  class space    used 5707K, capacity 6259K, committed 6272K, reserved 1048576K
}
Event: 30.798 GC heap before
{Heap before GC invocations=15 (full 0):
 garbage-first heap   total 276480K, used 30705K [0x0000000081200000, 0x0000000100000000)
  region size 1024K, 13 young (13312K), 2 survivors (2048K)
 Metaspace       used 44457K, capacity 45927K, committed 46128K, reserved 1089536K
  class space    used 5948K, capacity 6522K, committed 6528K, reserved 1048576K
}

Deoptimization events (10 events):
Event: 30.616 Thread 0x0000000000182800 DEOPT PACKING pc=0x000000000f87fb3c sp=0x0000000001fabd70
Event: 30.616 Thread 0x0000000000182800 DEOPT UNPACKING pc=0x000000000f04d6ce sp=0x0000000001fab228 mode 1
Event: 30.616 Thread 0x0000000000182800 DEOPT PACKING pc=0x000000000f819274 sp=0x0000000001fac7f0
Event: 30.616 Thread 0x0000000000182800 DEOPT UNPACKING pc=0x000000000f04d6ce sp=0x0000000001fabce0 mode 1
Event: 30.616 Thread 0x0000000000182800 DEOPT PACKING pc=0x000000000f881a24 sp=0x0000000001fabca0
Event: 30.616 Thread 0x0000000000182800 DEOPT UNPACKING pc=0x000000000f04d6ce sp=0x0000000001fab138 mode 1
Event: 30.616 Thread 0x0000000000182800 DEOPT PACKING pc=0x000000000f87fb3c sp=0x0000000001fabd70
Event: 30.616 Thread 0x0000000000182800 DEOPT UNPACKING pc=0x000000000f04d6ce sp=0x0000000001fab228 mode 1
Event: 30.616 Thread 0x0000000000182800 DEOPT PACKING pc=0x000000000f819274 sp=0x0000000001fac7f0
Event: 30.616 Thread 0x0000000000182800 DEOPT UNPACKING pc=0x000000000f04d6ce sp=0x0000000001fabce0 mode 1

Classes redefined (0 events):
No events

Internal exceptions (10 events):
Event: 18.595 Thread 0x0000000000182800 Exception <a 'java/lang/NoSuchMethodError'{0x000000008b7fbae0}: 'int java.lang.invoke.DirectMethodHandle$Holder.invokeStaticInit(java.lang.Object, java.lang.Object, java.lang.Object, java.lang.Object)'> (0x000000008b7fbae0) thrown at [c:/BuildAgent/work/5
Event: 18.608 Thread 0x0000000000182800 Exception <a 'sun/nio/fs/WindowsException'{0x000000008b6394b8}> (0x000000008b6394b8) thrown at [c:/BuildAgent/work/5ff2f6c26000d570/src/hotspot/share/prims/jni.cpp, line 615]
Event: 21.079 Thread 0x0000000000182800 Exception <a 'java/lang/NoSuchMethodError'{0x000000008ab179b8}: 'java.lang.Object java.lang.invoke.DirectMethodHandle$Holder.invokeStaticInit(java.lang.Object, java.lang.Object, java.lang.Object, java.lang.Object)'> (0x000000008ab179b8) thrown at [c:/Buil
Event: 26.125 Thread 0x0000000020e2b800 Exception <a 'java/lang/NoSuchMethodError'{0x0000000091e107e8}: 'java.lang.Object java.lang.invoke.DirectMethodHandle$Holder.invokeStatic(java.lang.Object, java.lang.Object, java.lang.Object, java.lang.Object, java.lang.Object, java.lang.Object, java.lang
Event: 26.126 Thread 0x0000000020e2b800 Exception <a 'java/lang/NoSuchMethodError'{0x0000000091e1e6f8}: 'java.lang.Object java.lang.invoke.DirectMethodHandle$Holder.invokeStatic(java.lang.Object, java.lang.Object, java.lang.Object, java.lang.Object, java.lang.Object, java.lang.Object, java.lang
Event: 26.128 Thread 0x0000000020e2b800 Exception <a 'java/lang/NoSuchMethodError'{0x0000000091e39bb8}: 'java.lang.Object java.lang.invoke.DelegatingMethodHandle$Holder.reinvoke_L(java.lang.Object, int, java.lang.Object)'> (0x0000000091e39bb8) thrown at [c:/BuildAgent/work/5ff2f6c26000d570/src/
Event: 26.171 Thread 0x0000000020e2b800 Exception <a 'java/lang/NoSuchMethodError'{0x0000000091d23158}: <clinit>> (0x0000000091d23158) thrown at [c:/BuildAgent/work/5ff2f6c26000d570/src/hotspot/share/prims/jni.cpp, line 1364]
Event: 26.195 Thread 0x0000000020e2b800 Exception <a 'java/lang/ClassNotFoundException'{0x0000000091dbee78}: javax/management/remote/rmi/RMIConnectionImpl_Skel> (0x0000000091dbee78) thrown at [c:/BuildAgent/work/5ff2f6c26000d570/src/hotspot/share/classfile/systemDictionary.cpp, line 231]
Event: 26.372 Thread 0x000000001f62e800 Exception <a 'java/lang/NoSuchMethodError'{0x0000000091f87580}: 'java.lang.Object java.lang.invoke.Invokers$Holder.linkToTargetMethod(java.lang.Object, long, java.lang.Object)'> (0x0000000091f87580) thrown at [c:/BuildAgent/work/5ff2f6c26000d570/src/hotsp
Event: 29.014 Thread 0x0000000000182800 Exception <a 'java/lang/NoSuchMethodError'{0x00000000917ce8f8}: 'java.lang.Object java.lang.invoke.DirectMethodHandle$Holder.newInvokeSpecial(java.lang.Object, java.lang.Object, int, java.lang.Object, java.lang.Object)'> (0x00000000917ce8f8) thrown at [c:

Events (10 events):
Event: 30.645 loading class org/hibernate/persister/walking/spi/EncapsulatedEntityIdentifierDefinition done
Event: 30.645 loading class org/hibernate/persister/walking/spi/EntityIdentifierDefinition
Event: 30.645 loading class org/hibernate/persister/walking/spi/EntityIdentifierDefinition done
Event: 30.645 loading class org/hibernate/persister/walking/internal/EntityIdentifierDefinitionHelper$AttributeDefinitionAdapter
Event: 30.645 loading class org/hibernate/persister/walking/internal/EntityIdentifierDefinitionHelper$AttributeDefinitionAdapter done
Event: 30.795 loading class org/hibernate/persister/collection/OneToManyPersister
Event: 30.795 loading class org/hibernate/persister/collection/OneToManyPersister done
Event: 30.796 loading class org/hibernate/persister/collection/AbstractCollectionPersister
Event: 30.796 loading class org/hibernate/persister/collection/AbstractCollectionPersister done
Event: 30.797 Executing VM operation: G1CollectForAllocation


Dynamic libraries:
0x000000013f980000 - 0x000000013f9c7000 	D:\web_project\idea\IntelliJ IDEA 2019.2.3\jbr\bin\java.exe
0x0000000076ed0000 - 0x000000007707a000 	C:\Windows\SYSTEM32\ntdll.dll
0x0000000076db0000 - 0x0000000076ecf000 	C:\Windows\system32\kernel32.dll
0x000007fefcea0000 - 0x000007fefcf0a000 	C:\Windows\system32\KERNELBASE.dll
0x0000000076cb0000 - 0x0000000076daa000 	C:\Windows\system32\USER32.dll
0x000007fefdec0000 - 0x000007fefdf27000 	C:\Windows\system32\GDI32.dll
0x000007fefe140000 - 0x000007fefe14e000 	C:\Windows\system32\LPK.dll
0x000007fefcf60000 - 0x000007fefd02b000 	C:\Windows\system32\USP10.dll
0x000007fefd940000 - 0x000007fefd9df000 	C:\Windows\system32\msvcrt.dll
0x000007fefb1e0000 - 0x000007fefb3d4000 	C:\Windows\WinSxS\amd64_microsoft.windows.common-controls_6595b64144ccf1df_6.0.7601.18837_none_fa3b1e3d17594757\COMCTL32.dll
0x000007fefd8c0000 - 0x000007fefd931000 	C:\Windows\system32\SHLWAPI.dll
0x000007fefde90000 - 0x000007fefdebe000 	C:\Windows\system32\IMM32.DLL
0x000007fefdf30000 - 0x000007fefe039000 	C:\Windows\system32\MSCTF.dll
0x000007fefcad0000 - 0x000007fefcb01000 	C:\Windows\system32\nvinitx.dll
0x000007fefcac0000 - 0x000007fefcacc000 	C:\Windows\system32\VERSION.dll
0x000007fefd030000 - 0x000007fefd10b000 	C:\Windows\system32\ADVAPI32.dll
0x000007fefe120000 - 0x000007fefe13f000 	C:\Windows\SYSTEM32\sechost.dll
0x000007fefdd60000 - 0x000007fefde8d000 	C:\Windows\system32\RPCRT4.dll
0x000000000f000000 - 0x000000000f006000 	C:\Program Files\NVIDIA Corporation\CoProcManager\detoured.dll
0x000007fef1b60000 - 0x000007fef1b91000 	C:\Program Files\NVIDIA Corporation\CoProcManager\nvd3d9wrapx.dll
0x000007fefd6e0000 - 0x000007fefd8b7000 	C:\Windows\system32\SETUPAPI.dll
0x000007fefcd80000 - 0x000007fefcdb6000 	C:\Windows\system32\CFGMGR32.dll
0x000007fefe040000 - 0x000007fefe11a000 	C:\Windows\system32\OLEAUT32.dll
0x000007fefd4e0000 - 0x000007fefd6dc000 	C:\Windows\system32\ole32.dll
0x000007fefcbe0000 - 0x000007fefcbfa000 	C:\Windows\system32\DEVOBJ.dll
0x000007fef1b30000 - 0x000007fef1b52000 	C:\Program Files\NVIDIA Corporation\CoProcManager\nvdxgiwrapx.dll
0x000007fefc270000 - 0x000007fefc273000 	C:\Windows\system32\api-ms-win-core-synch-l1-2-0.DLL
0x000007fefa450000 - 0x000007fefa467000 	D:\web_project\idea\IntelliJ IDEA 2019.2.3\jbr\bin\vcruntime140.dll
0x000007fefa480000 - 0x000007fefa484000 	D:\web_project\idea\IntelliJ IDEA 2019.2.3\jbr\bin\api-ms-win-crt-runtime-l1-1-0.dll
0x000007feee9d0000 - 0x000007feeeaca000 	D:\web_project\idea\IntelliJ IDEA 2019.2.3\jbr\bin\ucrtbase.DLL
0x000007fefa470000 - 0x000007fefa473000 	D:\web_project\idea\IntelliJ IDEA 2019.2.3\jbr\bin\api-ms-win-core-localization-l1-2-0.dll
0x000007fefa440000 - 0x000007fefa443000 	D:\web_project\idea\IntelliJ IDEA 2019.2.3\jbr\bin\api-ms-win-core-processthreads-l1-1-1.dll
0x000007fefa430000 - 0x000007fefa433000 	D:\web_project\idea\IntelliJ IDEA 2019.2.3\jbr\bin\api-ms-win-core-file-l1-2-0.dll
0x000007fefa390000 - 0x000007fefa393000 	D:\web_project\idea\IntelliJ IDEA 2019.2.3\jbr\bin\api-ms-win-core-timezone-l1-1-0.dll
0x000007fefa230000 - 0x000007fefa233000 	D:\web_project\idea\IntelliJ IDEA 2019.2.3\jbr\bin\api-ms-win-core-file-l2-1-0.dll
0x000007fefa220000 - 0x000007fefa224000 	D:\web_project\idea\IntelliJ IDEA 2019.2.3\jbr\bin\api-ms-win-crt-string-l1-1-0.dll
0x000007fefa1c0000 - 0x000007fefa1c3000 	D:\web_project\idea\IntelliJ IDEA 2019.2.3\jbr\bin\api-ms-win-crt-heap-l1-1-0.dll
0x000007fef9e60000 - 0x000007fef9e64000 	D:\web_project\idea\IntelliJ IDEA 2019.2.3\jbr\bin\api-ms-win-crt-stdio-l1-1-0.dll
0x000007fef9b50000 - 0x000007fef9b54000 	D:\web_project\idea\IntelliJ IDEA 2019.2.3\jbr\bin\api-ms-win-crt-convert-l1-1-0.dll
0x000007fee4400000 - 0x000007fee449d000 	D:\web_project\idea\IntelliJ IDEA 2019.2.3\jbr\bin\msvcp140.dll
0x000007fef9b40000 - 0x000007fef9b43000 	D:\web_project\idea\IntelliJ IDEA 2019.2.3\jbr\bin\api-ms-win-crt-locale-l1-1-0.dll
0x000007fef9a80000 - 0x000007fef9a85000 	D:\web_project\idea\IntelliJ IDEA 2019.2.3\jbr\bin\api-ms-win-crt-math-l1-1-0.dll
0x000007fef96f0000 - 0x000007fef96f5000 	D:\web_project\idea\IntelliJ IDEA 2019.2.3\jbr\bin\api-ms-win-crt-multibyte-l1-1-0.dll
0x000007fef96e0000 - 0x000007fef96e3000 	D:\web_project\idea\IntelliJ IDEA 2019.2.3\jbr\bin\api-ms-win-crt-time-l1-1-0.dll
0x000007fef96d0000 - 0x000007fef96d3000 	D:\web_project\idea\IntelliJ IDEA 2019.2.3\jbr\bin\api-ms-win-crt-filesystem-l1-1-0.dll
0x000007fef96c0000 - 0x000007fef96c3000 	D:\web_project\idea\IntelliJ IDEA 2019.2.3\jbr\bin\api-ms-win-crt-environment-l1-1-0.dll
0x000007fef96b0000 - 0x000007fef96b3000 	D:\web_project\idea\IntelliJ IDEA 2019.2.3\jbr\bin\api-ms-win-crt-utility-l1-1-0.dll
0x000007febed90000 - 0x000007febf848000 	D:\web_project\idea\IntelliJ IDEA 2019.2.3\jbr\bin\server\jvm.dll
0x000007fef6490000 - 0x000007fef6499000 	C:\Windows\system32\WSOCK32.dll
0x000007feff190000 - 0x000007feff1dd000 	C:\Windows\system32\WS2_32.dll
0x000007fefd9e0000 - 0x000007fefd9e8000 	C:\Windows\system32\NSI.dll
0x000007fefa730000 - 0x000007fefa76b000 	C:\Windows\system32\WINMM.dll
0x00000000770a0000 - 0x00000000770a7000 	C:\Windows\system32\PSAPI.DLL
0x000007fefa200000 - 0x000007fefa211000 	D:\web_project\idea\IntelliJ IDEA 2019.2.3\jbr\bin\verify.dll
0x000007fef4d70000 - 0x000007fef4e95000 	C:\Windows\system32\DBGHELP.DLL
0x000007fefa1d0000 - 0x000007fefa1f9000 	D:\web_project\idea\IntelliJ IDEA 2019.2.3\jbr\bin\java.dll
0x000007feeeb90000 - 0x000007feeebc8000 	D:\web_project\idea\IntelliJ IDEA 2019.2.3\jbr\bin\jdwp.dll
0x000007fee6d50000 - 0x000007fee6d84000 	D:\web_project\idea\IntelliJ IDEA 2019.2.3\jbr\bin\instrument.dll
0x000007fef2d90000 - 0x000007fef2da7000 	D:\web_project\idea\IntelliJ IDEA 2019.2.3\jbr\bin\zip.dll
0x000007fefa260000 - 0x000007fefa26b000 	D:\web_project\idea\IntelliJ IDEA 2019.2.3\jbr\bin\jimage.dll
0x000007fefe380000 - 0x000007feff10a000 	C:\Windows\system32\SHELL32.dll
0x000007fefcba0000 - 0x000007fefcbaf000 	C:\Windows\system32\profapi.dll
0x000007fef96a0000 - 0x000007fef96ab000 	D:\web_project\idea\IntelliJ IDEA 2019.2.3\jbr\bin\dt_socket.dll
0x000007fefb910000 - 0x000007fefba1d000 	C:\Windows\SysWOW64\ierd_tgp_lsp64.dll
0x000007fefc130000 - 0x000007fefc185000 	C:\Windows\system32\mswsock.dll
0x000007fefb900000 - 0x000007fefb907000 	C:\Windows\System32\wshtcpip.dll
0x000007fef2d70000 - 0x000007fef2d8a000 	D:\web_project\idea\IntelliJ IDEA 2019.2.3\jbr\bin\net.dll
0x000007fef68d0000 - 0x000007fef6941000 	C:\Windows\system32\WINHTTP.dll
0x000007fef6860000 - 0x000007fef68c4000 	C:\Windows\system32\webio.dll
0x000007fefe190000 - 0x000007fefe315000 	C:\Windows\system32\urlmon.dll
0x000007fefce80000 - 0x000007fefce84000 	C:\Windows\system32\api-ms-win-downlevel-ole32-l1-1-0.dll
0x0000000002390000 - 0x0000000002394000 	C:\Windows\system32\api-ms-win-downlevel-shlwapi-l1-1-0.dll
0x000007fefcbc0000 - 0x000007fefcbc5000 	C:\Windows\system32\api-ms-win-downlevel-advapi32-l1-1-0.dll
0x000007fefcd70000 - 0x000007fefcd74000 	C:\Windows\system32\api-ms-win-downlevel-user32-l1-1-0.dll
0x000007fefcf50000 - 0x000007fefcf54000 	C:\Windows\system32\api-ms-win-downlevel-version-l1-1-0.dll
0x000007fefcbd0000 - 0x000007fefcbd3000 	C:\Windows\system32\api-ms-win-downlevel-normaliz-l1-1-0.dll
0x0000000077090000 - 0x0000000077093000 	C:\Windows\system32\normaliz.DLL
0x000007fefda90000 - 0x000007fefdd5b000 	C:\Windows\system32\iertutil.dll
0x000007fefd1b0000 - 0x000007fefd4d1000 	C:\Windows\system32\WININET.dll
0x000007fefcdc0000 - 0x000007fefcdde000 	C:\Windows\system32\USERENV.dll
0x000007fefc280000 - 0x000007fefc287000 	C:\Windows\System32\wship6.dll
0x000007fef2d50000 - 0x000007fef2d64000 	D:\web_project\idea\IntelliJ IDEA 2019.2.3\jbr\bin\nio.dll
0x000007fef5fd0000 - 0x000007fef5fff000 	C:\Program Files (x86)\Sangfor\SSL\ClientComponent\1_SangforNspX64.dll
0x000007fefbfb0000 - 0x000007fefc00b000 	C:\Windows\system32\DNSAPI.dll
0x000007fef9180000 - 0x000007fef91a7000 	C:\Windows\system32\IPHLPAPI.DLL
0x000007fef9170000 - 0x000007fef917b000 	C:\Windows\system32\WINNSI.DLL
0x000007fef5f00000 - 0x000007fef5f08000 	C:\Windows\system32\rasadhlp.dll
0x000007fef8fb0000 - 0x000007fef9003000 	C:\Windows\System32\fwpuclnt.dll
0x000007fef2d40000 - 0x000007fef2d4a000 	D:\web_project\idea\IntelliJ IDEA 2019.2.3\jbr\bin\management.dll
0x000007fef1100000 - 0x000007fef110c000 	D:\web_project\idea\IntelliJ IDEA 2019.2.3\jbr\bin\management_ext.dll
0x000007fefc190000 - 0x000007fefc1a8000 	C:\Windows\system32\CRYPTSP.dll
0x000007fefbea0000 - 0x000007fefbee7000 	C:\Windows\system32\rsaenh.dll
0x000007fefc9f0000 - 0x000007fefc9ff000 	C:\Windows\system32\CRYPTBASE.dll
0x000007fef8f80000 - 0x000007fef8f98000 	C:\Windows\system32\dhcpcsvc.DLL
0x000007fef8f60000 - 0x000007fef8f71000 	C:\Windows\system32\dhcpcsvc6.DLL
0x000007fefa960000 - 0x000007fefa975000 	C:\Windows\system32\NLAapi.dll
0x000007fef6470000 - 0x000007fef6485000 	C:\Windows\system32\napinsp.dll
0x000007fef5fb0000 - 0x000007fef5fc9000 	C:\Windows\system32\pnrpnsp.dll
0x000007fef5f90000 - 0x000007fef5f9b000 	C:\Windows\System32\winrnr.dll
0x000007fef5f10000 - 0x000007fef5f20000 	C:\Windows\system32\wshbth.dll
0x000007fef10d0000 - 0x000007fef10f8000 	D:\web_project\idea\IntelliJ IDEA 2019.2.3\jbr\bin\sunec.dll

dbghelp: loaded successfully - version: 4.0.5 - missing functions: none
symbol engine: initialized successfully - sym options: 0x614 - pdb path: .;D:\web_project\idea\IntelliJ IDEA 2019.2.3\jbr\bin;C:\Windows\SYSTEM32;C:\Windows\WinSxS\amd64_microsoft.windows.common-controls_6595b64144ccf1df_6.0.7601.18837_none_fa3b1e3d17594757;C:\Program Files\NVIDIA Corporation\CoProcManager;D:\web_project\idea\IntelliJ IDEA 2019.2.3\jbr\bin\server;C:\Windows\SysWOW64;C:\Program Files (x86)\Sangfor\SSL\ClientComponent

VM Arguments:
jvm_args: -agentlib:jdwp=transport=dt_socket,address=127.0.0.1:61267,suspend=y,server=n -XX:TieredStopAtLevel=1 -Xverify:none -Dspring.output.ansi.enabled=always -Dcom.sun.management.jmxremote -Dspring.jmx.enabled=true -Dspring.liveBeansView.mbeanDomain -Dspring.application.admin.enabled=true -javaagent:C:\Users\Administrator\.IntelliJIdea2019.2\system\captureAgent\debugger-agent.jar -Dfile.encoding=UTF-8 
java_command: com.example.demo.DemoApplication
java_class_path (initial): D:\demo\target\classes;D:\web_project\apache-maven-3.8.1-bin\localWareHouse\org\springframework\boot\spring-boot-starter-data-jdbc\2.4.4\spring-boot-starter-data-jdbc-2.4.4.jar;D:\web_project\apache-maven-3.8.1-bin\localWareHouse\org\springframework\boot\spring-boot-starter-jdbc\2.4.4\spring-boot-starter-jdbc-2.4.4.jar;D:\web_project\apache-maven-3.8.1-bin\localWareHouse\com\zaxxer\HikariCP\3.4.5\HikariCP-3.4.5.jar;D:\web_project\apache-maven-3.8.1-bin\localWareHouse\org\springframework\spring-jdbc\5.3.5\spring-jdbc-5.3.5.jar;D:\web_project\apache-maven-3.8.1-bin\localWareHouse\org\springframework\data\spring-data-jdbc\2.1.6\spring-data-jdbc-2.1.6.jar;D:\web_project\apache-maven-3.8.1-bin\localWareHouse\org\springframework\data\spring-data-relational\2.1.6\spring-data-relational-2.1.6.jar;D:\web_project\apache-maven-3.8.1-bin\localWareHouse\org\springframework\data\spring-data-commons\2.4.6\spring-data-commons-2.4.6.jar;D:\web_project\apache-maven-3.8.1-bin\localWareHouse\org\springframework\spring-tx\5.3.5\spring-tx-5.3.5.jar;D:\web_project\apache-maven-3.8.1-bin\localWareHouse\org\springframework\spring-context\5.3.5\spring-context-5.3.5.jar;D:\web_project\apache-maven-3.8.1-bin\localWareHouse\org\springframework\spring-beans\5.3.5\spring-beans-5.3.5.jar;D:\web_project\apache-maven-3.8.1-bin\localWareHouse\org\slf4j\slf4j-api\1.7.30\slf4j-api-1.7.30.jar;D:\web_project\apache-maven-3.8.1-bin\localWareHouse\org\springframework\boot\spring-boot-starter-data-jpa\2.4.4\spring-boot-starter-data-jpa-2.4.4.jar;D:\web_project\apache-maven-3.8.1-bin\localWareHouse\org\springframework\boot\spring-boot-starter-aop\2.4.4\spring-boot-starter-aop-2.4.4.jar;D:\web_project\apache-maven-3.8.1-bin\localWareHouse\org\springframework\spring-aop\5.3.5\spring-aop-5.3.5.jar;D:\web_project\apache-maven-3.8.1-bin\localWareHouse\org\aspectj\aspectjweaver\1.9.6\aspectjweaver-1.9.6.jar;D:\web_project\apache-maven-3.8.1-bin\localWareHouse\jakarta\transaction\jakart
Launcher Type: SUN_STANDARD

[Global flags]
     bool BytecodeVerificationLocal                = false                                     {product} {command line}
     bool BytecodeVerificationRemote               = false                                     {product} {command line}
     intx CICompilerCount                          = 3                                         {product} {ergonomic}
     uint ConcGCThreads                            = 1                                         {product} {ergonomic}
     uint G1ConcRefinementThreads                  = 4                                         {product} {ergonomic}
   size_t G1HeapRegionSize                         = 1048576                                   {product} {ergonomic}
    uintx GCDrainStackTargetSize                   = 64                                        {product} {ergonomic}
   size_t InitialHeapSize                          = 134217728                                 {product} {ergonomic}
     bool ManagementServer                         = true                                      {product} {command line}
   size_t MarkStackSize                            = 4194304                                   {product} {ergonomic}
   size_t MaxHeapSize                              = 2128609280                                {product} {ergonomic}
   size_t MaxNewSize                               = 1277165568                                {product} {ergonomic}
   size_t MinHeapDeltaBytes                        = 1048576                                   {product} {ergonomic}
    uintx NonNMethodCodeHeapSize                   = 6973028                                {pd product} {ergonomic}
    uintx NonProfiledCodeHeapSize                  = 244685212                              {pd product} {ergonomic}
    uintx ProfiledCodeHeapSize                     = 0                                      {pd product} {ergonomic}
    uintx ReservedCodeCacheSize                    = 251658240                              {pd product} {ergonomic}
     bool SegmentedCodeCache                       = true                                      {product} {ergonomic}
     intx TieredStopAtLevel                        = 1                                         {product} {command line}
     bool UseCompressedClassPointers               = true                                 {lp64_product} {ergonomic}
     bool UseCompressedOops                        = true                                 {lp64_product} {ergonomic}
     bool UseG1GC                                  = true                                      {product} {ergonomic}
     bool UseLargePagesIndividualAllocation        = false                                  {pd product} {ergonomic}

Logging:
Log output configuration:
 #0: stdout all=warning uptime,level,tags
 #1: stderr all=off uptime,level,tags

Environment Variables:
JAVA_HOME=E:\java\
CLASSPATH=.;E:\java\\lib\dt.jar;E:\java\\lib\tools.jar;
PATH=C:\ProgramData\Oracle\Java\javapath;C:\Windows\system32;C:\Windows;C:\Windows\System32\Wbem;C:\Windows\System32\WindowsPowerShell\v1.0\;C:\Program Files (x86)\NVIDIA Corporation\PhysX\Common;C:\Program Files\Intel\WiFi\bin\;C:\Program Files\Common Files\Intel\WirelessCommon\;E:\java\\bin;F:\New Folder\vagrant\bin;F:\New Folder\Git\cmd;C:\Windows\System32\WindowsPowerShell\v1.0\;F:\python;C:\Program Files\nodejs\;E:\python\pyenv\.pyenv\pyenv-win\bin;E:\python\pyenv\.pyenv\pyenv-win\shims;E:\python\pyenv\.pyenv\pyenv-win\libexec;E:\python\pyenv\.pyenv\pyenv-win\versions\3.6.8-amd64\;E:\python\pyenv\.pyenv\pyenv-win\versions\3.6.8-amd64\Scripts;D:\web_project\Yarn\bin\;D:\web_project\apache-maven-3.8.1-bin\apache-maven-3.8.1\bin\;C:\Program Files (x86)\Microsoft SQL Server\100\Tools\Binn\;C:\Program Files\Microsoft SQL Server\100\Tools\Binn\;C:\Program Files\Microsoft SQL Server\100\DTS\Binn\;C:\Program Files (x86)\Microsoft SQL Server\150\DTS\Binn\;C:\Program Files\Azure Data Studio\bin;C:\Program Files\Intel\WiFi\bin\;C:\Program Files\Common Files\Intel\WirelessCommon\;C:\AppServ\Apache24\bin;E:\node study\node_modules\npm;E:\node study\node_global\;E:\MySQL\mysql-8.0.15-winx64\bin;E:\code studio\Microsoft VS Code\bin;C:\Users\Administrator\BandZip\;C:\Users\Administrator\AppData\Local\Yarn\bin;D:\web_project\idea\IntelliJ IDEA 2019.2.3\bin;;C:\Program Files\Azure Data Studio\bin
USERNAME=Administrator
OS=Windows_NT
PROCESSOR_IDENTIFIER=Intel64 Family 6 Model 60 Stepping 3, GenuineIntel



---------------  S Y S T E M  ---------------

OS: Windows 7 , 64 bit Build 7601 (6.1.7601.23915)

CPU:total 4 (initial active 4) (2 cores per cpu, 2 threads per core) family 6 model 60 stepping 3, cmov, cx8, fxsr, mmx, sse, sse2, sse3, ssse3, sse4.1, sse4.2, popcnt, avx, avx2, aes, clmul, erms, lzcnt, ht, tsc, tscinvbit, bmi1, bmi2, fma

Memory: 4k page, system-wide physical 8118M (1590M free)
TotalPageFile size 32401M (AvailPageFile size 395M)
current process WorkingSet (physical memory assigned to process): 366M, peak: 366M
current process commit charge ("private bytes"): 437M, peak: 977M

vm_info: OpenJDK 64-Bit Server VM (11.0.4+10-b304.69) for windows-amd64 JRE (11.0.4+10-b304.69), built on Sep  9 2019 11:39:50 by "" with MS VC++ 14.0 (VS2015)

END.
