#
# There is insufficient memory for the Java Runtime Environment to continue.
# Native memory allocation (malloc) failed to allocate 183360 bytes for Chunk::new
# Possible reasons:
#   The system is out of physical RAM or swap space
#   In 32 bit mode, the process size limit was hit
# Possible solutions:
#   Reduce memory load on the system
#   Increase physical memory or swap space
#   Check if swap backing store is full
#   Use 64 bit Java on a 64 bit OS
#   Decrease Java heap size (-Xmx/-Xms)
#   Decrease number of Java threads
#   Decrease Java thread stack sizes (-Xss)
#   Set larger code cache with -XX:ReservedCodeCacheSize=
# This output file may be truncated or incomplete.
#
#  Out of Memory Error (allocation.cpp:390), pid=20836, tid=0x0000000000004b48
#
# JRE version: Java(TM) SE Runtime Environment (8.0_144-b01) (build 1.8.0_144-b01)
# Java VM: Java HotSpot(TM) 64-Bit Server VM (25.144-b01 mixed mode windows-amd64 compressed oops)
# Failed to write core dump. Minidumps are not enabled by default on client versions of Windows
#

---------------  T H R E A D  ---------------

Current thread (0x000000000a10c000):  JavaThread "C2 CompilerThread0" daemon [_thread_in_native, id=19272, stack(0x000000000a910000,0x000000000aa10000)]

Stack: [0x000000000a910000,0x000000000aa10000]
[error occurred during error reporting (printing stack bounds), id 0xc0000005]

Native frames: (J=compiled Java code, j=interpreted, Vv=VM code, C=native code)


Current CompileTask:
C2:   9128  499       4       sun.nio.cs.UTF_8$Decoder::decode (779 bytes)


---------------  P R O C E S S  ---------------

Java Threads: ( => current thread )
  0x000000000a189800 JavaThread "Service Thread" daemon [_thread_blocked, id=12832, stack(0x000000000aca0000,0x000000000ada0000)]
  0x000000000a130000 JavaThread "C1 CompilerThread2" daemon [_thread_blocked, id=19252, stack(0x000000000aa60000,0x000000000ab60000)]
  0x000000000a10e000 JavaThread "C2 CompilerThread1" daemon [_thread_blocked, id=15900, stack(0x0000000009ba0000,0x0000000009ca0000)]
=>0x000000000a10c000 JavaThread "C2 CompilerThread0" daemon [_thread_in_native, id=19272, stack(0x000000000a910000,0x000000000aa10000)]
  0x000000000a0ff800 JavaThread "Monitor Ctrl-Break" daemon [_thread_in_native, id=16536, stack(0x000000000a810000,0x000000000a910000)]
  0x000000000a0c8800 JavaThread "Attach Listener" daemon [_thread_blocked, id=12860, stack(0x000000000a4c0000,0x000000000a5c0000)]
  0x0000000008c60000 JavaThread "Signal Dispatcher" daemon [_thread_blocked, id=15972, stack(0x000000000a5c0000,0x000000000a6c0000)]
  0x0000000008c4a000 JavaThread "Finalizer" daemon [_thread_blocked, id=10772, stack(0x0000000009fc0000,0x000000000a0c0000)]
  0x0000000008c03000 JavaThread "Reference Handler" daemon [_thread_blocked, id=10012, stack(0x0000000009e80000,0x0000000009f80000)]
  0x0000000002038800 JavaThread "main" [_thread_in_vm, id=20964, stack(0x0000000002ba0000,0x0000000002ca0000)]

Other Threads:
  0x0000000008bfb800 VMThread [stack: 0x0000000009ca0000,0x0000000009da0000] [id=2136]
  0x000000000a1b8800 WatcherThread [stack: 0x000000000a6e0000,0x000000000a7e0000] [id=16476]

VM state:not at safepoint (normal execution)

VM Mutex/Monitor currently owned by a thread: None

Heap:
 PSYoungGen      total 38400K, used 25479K [0x00000000d5b80000, 0x00000000d8600000, 0x0000000100000000)
  eden space 33280K, 76% used [0x00000000d5b80000,0x00000000d7461d50,0x00000000d7c00000)
  from space 5120K, 0% used [0x00000000d8100000,0x00000000d8100000,0x00000000d8600000)
  to   space 5120K, 0% used [0x00000000d7c00000,0x00000000d7c00000,0x00000000d8100000)
 ParOldGen       total 87552K, used 0K [0x0000000081200000, 0x0000000086780000, 0x00000000d5b80000)
  object space 87552K, 0% used [0x0000000081200000,0x0000000081200000,0x0000000086780000)
 Metaspace       used 8442K, capacity 8556K, committed 8832K, reserved 1056768K
  class space    used 998K, capacity 1048K, committed 1152K, reserved 1048576K

Card table byte_map: [0x0000000003060000,0x0000000003460000] byte_map_base: 0x0000000002c57000

Marking Bits: (ParMarkBitMap*) 0x00000000029fd850
 Begin Bits: [0x0000000003f00000, 0x0000000005eb8000)
 End Bits:   [0x0000000005eb8000, 0x0000000007e70000)

Polling page: 0x0000000000220000

CodeCache: size=245760Kb used=2516Kb max_used=2528Kb free=243243Kb
 bounds [0x000000000f010000, 0x000000000f290000, 0x000000001e010000]
 total_blobs=828 nmethods=500 adapters=241
 compilation: enabled

Compilation events (10 events):
Event: 9.099 Thread 0x000000000a130000 nmethod 495 0x000000000f280250 code [0x000000000f280420, 0x000000000f280a18]
Event: 9.099 Thread 0x000000000a130000  496       3       java.util.jar.JarFile::access$200 (5 bytes)
Event: 9.099 Thread 0x000000000a130000 nmethod 496 0x000000000f27fed0 code [0x000000000f280040, 0x000000000f2801a8]
Event: 9.099 Thread 0x000000000a130000  497   !   3       java.lang.ClassLoader::checkCerts (195 bytes)
Event: 9.100 Thread 0x000000000a10c000  499       4       sun.nio.cs.UTF_8$Decoder::decode (779 bytes)
Event: 9.101 Thread 0x000000000a130000 nmethod 497 0x000000000f282a90 code [0x000000000f282d40, 0x000000000f284398]
Event: 9.114 Thread 0x000000000a130000  501       3       java.lang.ClassLoader::preDefineClass (109 bytes)
Event: 9.115 Thread 0x000000000a130000 nmethod 501 0x000000000f284d50 code [0x000000000f285000, 0x000000000f286508]
Event: 9.115 Thread 0x000000000a130000  500       3       java.util.TreeMap$PrivateEntryIterator::hasNext (13 bytes)
Event: 9.115 Thread 0x000000000a130000 nmethod 500 0x000000000f27fb50 code [0x000000000f27fca0, 0x000000000f27fe50]

GC Heap History (0 events):
No events

Deoptimization events (2 events):
Event: 8.193 Thread 0x0000000002038800 Uncommon trap: reason=unstable_if action=reinterpret pc=0x000000000f1ef264 method=org.codehaus.plexus.util.xml.pull.MXParser.more()C @ 8
Event: 8.218 Thread 0x0000000002038800 Uncommon trap: reason=unstable_if action=reinterpret pc=0x000000000f1370c8 method=java.net.URI.match(CJJ)Z @ 19

Internal exceptions (9 events):
Event: 2.200 Thread 0x0000000002038800 Exception <a 'java/lang/NoSuchMethodError': Method sun.misc.Unsafe.defineClass(Ljava/lang/String;[BII)Ljava/lang/Class; name or signature does not match> (0x00000000d5b87ca8) thrown at [C:\re\workspace\8-2-build-windows-amd64-cygwin\jdk8u144\9417\hotspot\
Event: 2.200 Thread 0x0000000002038800 Exception <a 'java/lang/NoSuchMethodError': Method sun.misc.Unsafe.prefetchRead(Ljava/lang/Object;J)V name or signature does not match> (0x00000000d5b87f90) thrown at [C:\re\workspace\8-2-build-windows-amd64-cygwin\jdk8u144\9417\hotspot\src\share\vm\prims
Event: 3.470 Thread 0x0000000002038800 Exception <a 'java/util/zip/ZipException'> (0x00000000d5c4ba28) thrown at [C:\re\workspace\8-2-build-windows-amd64-cygwin\jdk8u144\9417\hotspot\src\share\vm\prims\jni.cpp, line 709]
Event: 3.470 Thread 0x0000000002038800 Exception <a 'java/security/PrivilegedActionException'> (0x00000000d5c4c160) thrown at [C:\re\workspace\8-2-build-windows-amd64-cygwin\jdk8u144\9417\hotspot\src\share\vm\prims\jvm.cpp, line 1390]
Event: 3.470 Thread 0x0000000002038800 Exception <a 'java/security/PrivilegedActionException'> (0x00000000d5c4c370) thrown at [C:\re\workspace\8-2-build-windows-amd64-cygwin\jdk8u144\9417\hotspot\src\share\vm\prims\jvm.cpp, line 1390]
Event: 6.597 Thread 0x0000000002038800 Exception <a 'java/security/PrivilegedActionException'> (0x00000000d61532f0) thrown at [C:\re\workspace\8-2-build-windows-amd64-cygwin\jdk8u144\9417\hotspot\src\share\vm\prims\jvm.cpp, line 1390]
Event: 6.597 Thread 0x0000000002038800 Exception <a 'java/security/PrivilegedActionException'> (0x00000000d61536e8) thrown at [C:\re\workspace\8-2-build-windows-amd64-cygwin\jdk8u144\9417\hotspot\src\share\vm\prims\jvm.cpp, line 1390]
Event: 6.597 Thread 0x0000000002038800 Exception <a 'java/security/PrivilegedActionException'> (0x00000000d6155800) thrown at [C:\re\workspace\8-2-build-windows-amd64-cygwin\jdk8u144\9417\hotspot\src\share\vm\prims\jvm.cpp, line 1390]
Event: 6.597 Thread 0x0000000002038800 Exception <a 'java/security/PrivilegedActionException'> (0x00000000d6155bf8) thrown at [C:\re\workspace\8-2-build-windows-amd64-cygwin\jdk8u144\9417\hotspot\src\share\vm\prims\jvm.cpp, line 1390]

Events (10 events):
Event: 9.103 loading class java/util/concurrent/locks/LockSupport done
Event: 9.103 loading class com/google/common/base/Stopwatch
Event: 9.103 loading class com/google/common/base/Stopwatch done
Event: 9.112 loading class com/google/common/cache/LocalCache$WeakEntry
Event: 9.112 loading class com/google/common/cache/LocalCache$WeakEntry done
Event: 9.113 loading class com/google/common/base/Platform
Event: 9.113 loading class com/google/common/base/Platform done
Event: 9.113 loading class com/google/common/base/PatternCompiler
Event: 9.113 loading class com/google/common/base/PatternCompiler done
Event: 9.113 loading class java/util/ServiceConfigurationError


Dynamic libraries:
0x000000013fb30000 - 0x000000013fb67000 	E:\java\bin\java.exe
0x0000000076ed0000 - 0x000000007707a000 	C:\Windows\SYSTEM32\ntdll.dll
0x0000000076db0000 - 0x0000000076ecf000 	C:\Windows\system32\kernel32.dll
0x000007fefcea0000 - 0x000007fefcf0a000 	C:\Windows\system32\KERNELBASE.dll
0x000007fefd030000 - 0x000007fefd10b000 	C:\Windows\system32\ADVAPI32.dll
0x000007fefd940000 - 0x000007fefd9df000 	C:\Windows\system32\msvcrt.dll
0x000007fefe120000 - 0x000007fefe13f000 	C:\Windows\SYSTEM32\sechost.dll
0x000007fefdd60000 - 0x000007fefde8d000 	C:\Windows\system32\RPCRT4.dll
0x0000000076cb0000 - 0x0000000076daa000 	C:\Windows\system32\USER32.dll
0x000007fefdec0000 - 0x000007fefdf27000 	C:\Windows\system32\GDI32.dll
0x000007fefe140000 - 0x000007fefe14e000 	C:\Windows\system32\LPK.dll
0x000007fefcf60000 - 0x000007fefd02b000 	C:\Windows\system32\USP10.dll
0x000007fefb1e0000 - 0x000007fefb3d4000 	C:\Windows\WinSxS\amd64_microsoft.windows.common-controls_6595b64144ccf1df_6.0.7601.18837_none_fa3b1e3d17594757\COMCTL32.dll
0x000007fefd8c0000 - 0x000007fefd931000 	C:\Windows\system32\SHLWAPI.dll
0x000007fefde90000 - 0x000007fefdebe000 	C:\Windows\system32\IMM32.DLL
0x000007fefdf30000 - 0x000007fefe039000 	C:\Windows\system32\MSCTF.dll
0x000007fefcad0000 - 0x000007fefcb01000 	C:\Windows\system32\nvinitx.dll
0x000007fefcac0000 - 0x000007fefcacc000 	C:\Windows\system32\VERSION.dll
0x000000000f000000 - 0x000000000f006000 	C:\Program Files\NVIDIA Corporation\CoProcManager\detoured.dll
0x000007fef1b60000 - 0x000007fef1b91000 	C:\Program Files\NVIDIA Corporation\CoProcManager\nvd3d9wrapx.dll
0x000007fefd6e0000 - 0x000007fefd8b7000 	C:\Windows\system32\SETUPAPI.dll
0x000007fefcd80000 - 0x000007fefcdb6000 	C:\Windows\system32\CFGMGR32.dll
0x000007fefe040000 - 0x000007fefe11a000 	C:\Windows\system32\OLEAUT32.dll
0x000007fefd4e0000 - 0x000007fefd6dc000 	C:\Windows\system32\ole32.dll
0x000007fefcbe0000 - 0x000007fefcbfa000 	C:\Windows\system32\DEVOBJ.dll
0x000007fef1b30000 - 0x000007fef1b52000 	C:\Program Files\NVIDIA Corporation\CoProcManager\nvdxgiwrapx.dll
0x00000000590f0000 - 0x00000000591c2000 	E:\java\jre\bin\msvcr100.dll
0x00000000021e0000 - 0x0000000002a7d000 	E:\java\jre\bin\server\jvm.dll
0x000007fef6490000 - 0x000007fef6499000 	C:\Windows\system32\WSOCK32.dll
0x000007feff190000 - 0x000007feff1dd000 	C:\Windows\system32\WS2_32.dll
0x000007fefd9e0000 - 0x000007fefd9e8000 	C:\Windows\system32\NSI.dll
0x000007fefa730000 - 0x000007fefa76b000 	C:\Windows\system32\WINMM.dll
0x00000000770a0000 - 0x00000000770a7000 	C:\Windows\system32\PSAPI.DLL
0x0000000065c00000 - 0x0000000065c0f000 	E:\java\jre\bin\verify.dll
0x0000000065bd0000 - 0x0000000065bf9000 	E:\java\jre\bin\java.dll
0x0000000064010000 - 0x0000000064033000 	E:\java\jre\bin\instrument.dll
0x00000000590d0000 - 0x00000000590e6000 	E:\java\jre\bin\zip.dll
0x000007fefe380000 - 0x000007feff10a000 	C:\Windows\system32\SHELL32.dll
0x000007fefcba0000 - 0x000007fefcbaf000 	C:\Windows\system32\profapi.dll
0x000007fefa4f0000 - 0x000007fefa50a000 	D:\web_project\idea\IntelliJ IDEA 2019.2.3\bin\breakgen64.dll
0x00000000590b0000 - 0x00000000590ca000 	E:\java\jre\bin\net.dll
0x000007fefc130000 - 0x000007fefc185000 	C:\Windows\system32\mswsock.dll
0x000007fefc280000 - 0x000007fefc287000 	C:\Windows\System32\wship6.dll
0x000007fefc190000 - 0x000007fefc1a8000 	C:\Windows\system32\CRYPTSP.dll
0x000007fefbea0000 - 0x000007fefbee7000 	C:\Windows\system32\rsaenh.dll
0x000007fefcdc0000 - 0x000007fefcdde000 	C:\Windows\system32\USERENV.dll
0x000007fefc9f0000 - 0x000007fefc9ff000 	C:\Windows\system32\CRYPTBASE.dll
0x000007fef9180000 - 0x000007fef91a7000 	C:\Windows\system32\IPHLPAPI.DLL
0x000007fef9170000 - 0x000007fef917b000 	C:\Windows\system32\WINNSI.DLL
0x000007fef8f80000 - 0x000007fef8f98000 	C:\Windows\system32\dhcpcsvc.DLL
0x000007fef8f60000 - 0x000007fef8f71000 	C:\Windows\system32\dhcpcsvc6.DLL
0x0000000059090000 - 0x00000000590a1000 	E:\java\jre\bin\nio.dll
0x000007fefa440000 - 0x000007fefa44a000 	C:\Users\Administrator\AppData\Local\Temp\jansi-1.17.1-6270641263443389336.dll
0x000007fefa430000 - 0x000007fefa43a000 	C:\Users\Administrator\AppData\Local\Temp\jansi-1.17.1-315118995602929363.dll

VM Arguments:
jvm_args: -Dmaven.multiModuleProjectDirectory=D:\demo -Dmaven.home=D:\web_project\apache-maven-3.8.1-bin\apache-maven-3.8.1 -Dclassworlds.conf=D:\web_project\apache-maven-3.8.1-bin\apache-maven-3.8.1\bin\m2.conf -Dmaven.ext.class.path=D:\web_project\idea\IntelliJ IDEA 2019.2.3\plugins\maven\lib\maven-event-listener.jar -javaagent:D:\web_project\idea\IntelliJ IDEA 2019.2.3\lib\idea_rt.jar=52643:D:\web_project\idea\IntelliJ IDEA 2019.2.3\bin -Dfile.encoding=UTF-8 
java_command: org.codehaus.classworlds.Launcher -Didea.version2019.2.3 -s D:\web_project\apache-maven-3.8.1-bin\apache-maven-3.8.1\conf\settings.xml -Dmaven.repo.local=D:\web_project\apache-maven-3.8.1-bin\localWareHouse clean
java_class_path (initial): D:\web_project\apache-maven-3.8.1-bin\apache-maven-3.8.1\boot\plexus-classworlds-2.6.0.jar;D:\web_project\apache-maven-3.8.1-bin\apache-maven-3.8.1\boot\plexus-classworlds.license;D:\web_project\idea\IntelliJ IDEA 2019.2.3\lib\idea_rt.jar
Launcher Type: SUN_STANDARD

Environment Variables:
JAVA_HOME=E:\java\
CLASSPATH=.;E:\java\\lib\dt.jar;E:\java\\lib\tools.jar;
PATH=C:\ProgramData\Oracle\Java\javapath;C:\Windows\system32;C:\Windows;C:\Windows\System32\Wbem;C:\Windows\System32\WindowsPowerShell\v1.0\;C:\Program Files (x86)\NVIDIA Corporation\PhysX\Common;C:\Program Files\Intel\WiFi\bin\;C:\Program Files\Common Files\Intel\WirelessCommon\;E:\java\\bin;F:\New Folder\vagrant\bin;F:\New Folder\Git\cmd;C:\Windows\System32\WindowsPowerShell\v1.0\;F:\python;C:\Program Files\nodejs\;E:\python\pyenv\.pyenv\pyenv-win\bin;E:\python\pyenv\.pyenv\pyenv-win\shims;E:\python\pyenv\.pyenv\pyenv-win\libexec;E:\python\pyenv\.pyenv\pyenv-win\versions\3.6.8-amd64\;E:\python\pyenv\.pyenv\pyenv-win\versions\3.6.8-amd64\Scripts;D:\web_project\Yarn\bin\;D:\web_project\apache-maven-3.8.1-bin\apache-maven-3.8.1\bin\;C:\Program Files (x86)\Microsoft SQL Server\100\Tools\Binn\;C:\Program Files\Microsoft SQL Server\100\Tools\Binn\;C:\Program Files\Microsoft SQL Server\100\DTS\Binn\;C:\Program Files (x86)\Microsoft SQL Server\150\DTS\Binn\;C:\Program Files\Azure Data Studio\bin;C:\Program Files\Intel\WiFi\bin\;C:\Program Files\Common Files\Intel\WirelessCommon\;C:\AppServ\Apache24\bin;E:\node study\node_modules\npm;E:\node study\node_global\;E:\MySQL\mysql-8.0.15-winx64\bin;E:\code studio\Microsoft VS Code\bin;C:\Users\Administrator\BandZip\;C:\Users\Administrator\AppData\Local\Yarn\bin;D:\web_project\idea\IntelliJ IDEA 2019.2.3\bin;;C:\Program Files\Azure Data Studio\bin
USERNAME=Administrator
OS=Windows_NT
PROCESSOR_IDENTIFIER=Intel64 Family 6 Model 60 Stepping 3, GenuineIntel



---------------  S Y S T E M  ---------------

OS: Windows 7 , 64 bit Build 7601 (6.1.7601.23915)

CPU:total 4 (initial active 4) (2 cores per cpu, 2 threads per core) family 6 model 60 stepping 3, cmov, cx8, fxsr, mmx, sse, sse2, sse3, ssse3, sse4.1, sse4.2, popcnt, avx, avx2, aes, clmul, erms, lzcnt, ht, tsc, tscinvbit, bmi1, bmi2

Memory: 4k page, physical 8313136k(1603944k free), swap 33250684k(5200k free)

vm_info: Java HotSpot(TM) 64-Bit Server VM (25.144-b01) for windows-amd64 JRE (1.8.0_144-b01), built on Jul 21 2017 21:57:33 by "java_re" with MS VC++ 10.0 (VS2010)

time: Mon Apr 26 11:29:42 2021
elapsed time: 9 seconds (0d 0h 0m 9s)

