#
# There is insufficient memory for the Java Runtime Environment to continue.
# Native memory allocation (mmap) failed to map 134217728 bytes for Failed to commit area from 0x0000000081200000 to 0x0000000089200000 of length 134217728.
# Possible reasons:
#   The system is out of physical RAM or swap space
#   The process is running with CompressedOops enabled, and the Java Heap may be blocking the growth of the native heap
# Possible solutions:
#   Reduce memory load on the system
#   Increase physical memory or swap space
#   Check if swap backing store is full
#   Decrease Java heap size (-Xmx/-Xms)
#   Decrease number of Java threads
#   Decrease Java thread stack sizes (-Xss)
#   Set larger code cache with -XX:ReservedCodeCacheSize=
# This output file may be truncated or incomplete.
#
#  Out of Memory Error (c:/BuildAgent/work/5ff2f6c26000d570/src/hotspot/os/windows/os_windows.cpp:3281), pid=7780, tid=18060
#
# JRE version:  (11.0.4+10) (build )
# Java VM: OpenJDK 64-Bit Server VM (11.0.4+10-b304.69, mixed mode, aot, sharing, tiered, compressed oops, g1 gc, windows-amd64)
# No core dump will be written. Minidumps are not enabled by default on client versions of Windows
#

---------------  S U M M A R Y ------------

Command Line: -agentlib:jdwp=transport=dt_socket,address=127.0.0.1:52068,suspend=y,server=n -XX:TieredStopAtLevel=1 -Xverify:none -Dspring.output.ansi.enabled=always -Dcom.sun.management.jmxremote -Dspring.jmx.enabled=true -Dspring.liveBeansView.mbeanDomain -Dspring.application.admin.enabled=true -javaagent:C:\Users\Administrator\.IntelliJIdea2019.2\system\captureAgent\debugger-agent.jar -Dfile.encoding=UTF-8 com.example.demo.DemoApplication

Host: Intel(R) Core(TM) i5-4210M CPU @ 2.60GHz, 4 cores, 7G,  Windows 7 , 64 bit Build 7601 (6.1.7601.23915)
Time: Mon Apr 26 11:22:52 2021 ?D1¨²¡À¨º¡Á?¨º¡À?? elapsed time: 0 seconds (0d 0h 0m 0s)

---------------  T H R E A D  ---------------

Current thread (0x00000000003f2800):  JavaThread "Unknown thread" [_thread_in_vm, id=18060, stack(0x0000000001ca0000,0x0000000001da0000)]

Stack: [0x0000000001ca0000,0x0000000001da0000]
Native frames: (J=compiled Java code, j=interpreted, Vv=VM code, C=native code)
V  [jvm.dll+0x5db31a]
V  [jvm.dll+0x70c395]
V  [jvm.dll+0x70d8b8]
V  [jvm.dll+0x70df83]
V  [jvm.dll+0x23dbb8]
V  [jvm.dll+0x5d8a74]
V  [jvm.dll+0x5cdb05]
V  [jvm.dll+0x2fa5bb]
V  [jvm.dll+0x2fa52a]
V  [jvm.dll+0x2fa402]
V  [jvm.dll+0x2ff2c6]
V  [jvm.dll+0x347893]
V  [jvm.dll+0x347f96]
V  [jvm.dll+0x347993]
V  [jvm.dll+0x2d4e28]
V  [jvm.dll+0x2d5fd7]
V  [jvm.dll+0x6eb717]
V  [jvm.dll+0x6ecf0c]
V  [jvm.dll+0x354fb9]
V  [jvm.dll+0x6d35be]
V  [jvm.dll+0x3bd673]
V  [jvm.dll+0x3bf9f1]
C  [java.exe+0x3763]
C  [java.exe+0x17a0c]
C  [kernel32.dll+0x159cd]
C  [ntdll.dll+0x2a561]


---------------  P R O C E S S  ---------------

Threads class SMR info:
_java_thread_list=0x00000000003c70c0, length=0, elements={
}

Java Threads: ( => current thread )

Other Threads:
  0x0000000000408800 GCTaskThread "GC Thread#0" [stack: 0x0000000006670000,0x0000000006770000] [id=17820]
  0x0000000000439000 ConcurrentGCThread "G1 Main Marker" [stack: 0x0000000006570000,0x0000000006670000] [id=16600]
  0x000000000043a800 ConcurrentGCThread "G1 Conc#0" [stack: 0x000000000b7b0000,0x000000000b8b0000] [id=7400]

[error occurred during error reporting (printing all threads), id 0xc0000005, EXCEPTION_ACCESS_VIOLATION (0xc0000005) at pc=0x000007febf075727]

VM state:not at safepoint (not fully initialized)

VM Mutex/Monitor currently owned by a thread:  ([mutex/lock_event])
[0x00000000003f0080] Heap_lock - owner thread: 0x00000000003f2800

Heap address: 0x0000000081200000, size: 2030 MB, Compressed Oops mode: Non-zero based: 0x0000000081200000
Narrow klass base: 0x0000000000000000, Narrow klass shift: 0

GC Heap History (0 events):
No events

Deoptimization events (0 events):
No events

Classes redefined (0 events):
No events

Internal exceptions (0 events):
No events

Events (0 events):
No events


Dynamic libraries:
0x000000013fab0000 - 0x000000013faf7000 	D:\web_project\idea\IntelliJ IDEA 2019.2.3\jbr\bin\java.exe
0x0000000076ed0000 - 0x000000007707a000 	C:\Windows\SYSTEM32\ntdll.dll
0x0000000076db0000 - 0x0000000076ecf000 	C:\Windows\system32\kernel32.dll
0x000007fefcea0000 - 0x000007fefcf0a000 	C:\Windows\system32\KERNELBASE.dll
0x0000000076cb0000 - 0x0000000076daa000 	C:\Windows\system32\USER32.dll
0x000007fefdec0000 - 0x000007fefdf27000 	C:\Windows\system32\GDI32.dll
0x000007fefe140000 - 0x000007fefe14e000 	C:\Windows\system32\LPK.dll
0x000007fefcf60000 - 0x000007fefd02b000 	C:\Windows\system32\USP10.dll
0x000007fefd940000 - 0x000007fefd9df000 	C:\Windows\system32\msvcrt.dll
0x000007fefb1e0000 - 0x000007fefb3d4000 	C:\Windows\WinSxS\amd64_microsoft.windows.common-controls_6595b64144ccf1df_6.0.7601.18837_none_fa3b1e3d17594757\COMCTL32.dll
0x000007fefd8c0000 - 0x000007fefd931000 	C:\Windows\system32\SHLWAPI.dll
0x000007fefde90000 - 0x000007fefdebe000 	C:\Windows\system32\IMM32.DLL
0x000007fefdf30000 - 0x000007fefe039000 	C:\Windows\system32\MSCTF.dll
0x000007fefcad0000 - 0x000007fefcb01000 	C:\Windows\system32\nvinitx.dll
0x000007fefcac0000 - 0x000007fefcacc000 	C:\Windows\system32\VERSION.dll
0x000007fefd030000 - 0x000007fefd10b000 	C:\Windows\system32\ADVAPI32.dll
0x000007fefe120000 - 0x000007fefe13f000 	C:\Windows\SYSTEM32\sechost.dll
0x000007fefdd60000 - 0x000007fefde8d000 	C:\Windows\system32\RPCRT4.dll
0x000000000f000000 - 0x000000000f006000 	C:\Program Files\NVIDIA Corporation\CoProcManager\detoured.dll
0x000007fef1b60000 - 0x000007fef1b91000 	C:\Program Files\NVIDIA Corporation\CoProcManager\nvd3d9wrapx.dll
0x000007fefd6e0000 - 0x000007fefd8b7000 	C:\Windows\system32\SETUPAPI.dll
0x000007fefcd80000 - 0x000007fefcdb6000 	C:\Windows\system32\CFGMGR32.dll
0x000007fefe040000 - 0x000007fefe11a000 	C:\Windows\system32\OLEAUT32.dll
0x000007fefd4e0000 - 0x000007fefd6dc000 	C:\Windows\system32\ole32.dll
0x000007fefcbe0000 - 0x000007fefcbfa000 	C:\Windows\system32\DEVOBJ.dll
0x000007fef1b30000 - 0x000007fef1b52000 	C:\Program Files\NVIDIA Corporation\CoProcManager\nvdxgiwrapx.dll
0x000007fefc270000 - 0x000007fefc273000 	C:\Windows\system32\api-ms-win-core-synch-l1-2-0.DLL
0x000007fefa220000 - 0x000007fefa237000 	D:\web_project\idea\IntelliJ IDEA 2019.2.3\jbr\bin\vcruntime140.dll
0x000007fefa4e0000 - 0x000007fefa4e4000 	D:\web_project\idea\IntelliJ IDEA 2019.2.3\jbr\bin\api-ms-win-crt-runtime-l1-1-0.dll
0x000007fee76f0000 - 0x000007fee77ea000 	D:\web_project\idea\IntelliJ IDEA 2019.2.3\jbr\bin\ucrtbase.DLL
0x000007fefa4c0000 - 0x000007fefa4c3000 	D:\web_project\idea\IntelliJ IDEA 2019.2.3\jbr\bin\api-ms-win-core-localization-l1-2-0.dll
0x000007fefa410000 - 0x000007fefa413000 	D:\web_project\idea\IntelliJ IDEA 2019.2.3\jbr\bin\api-ms-win-core-processthreads-l1-1-1.dll
0x000007fefa390000 - 0x000007fefa393000 	D:\web_project\idea\IntelliJ IDEA 2019.2.3\jbr\bin\api-ms-win-core-file-l1-2-0.dll
0x000007fefa1c0000 - 0x000007fefa1c3000 	D:\web_project\idea\IntelliJ IDEA 2019.2.3\jbr\bin\api-ms-win-core-timezone-l1-1-0.dll
0x000007fef9e60000 - 0x000007fef9e63000 	D:\web_project\idea\IntelliJ IDEA 2019.2.3\jbr\bin\api-ms-win-core-file-l2-1-0.dll
0x000007fef9dc0000 - 0x000007fef9dc4000 	D:\web_project\idea\IntelliJ IDEA 2019.2.3\jbr\bin\api-ms-win-crt-string-l1-1-0.dll
0x000007fef9db0000 - 0x000007fef9db3000 	D:\web_project\idea\IntelliJ IDEA 2019.2.3\jbr\bin\api-ms-win-crt-heap-l1-1-0.dll
0x000007fef9da0000 - 0x000007fef9da4000 	D:\web_project\idea\IntelliJ IDEA 2019.2.3\jbr\bin\api-ms-win-crt-stdio-l1-1-0.dll
0x000007fef9d90000 - 0x000007fef9d94000 	D:\web_project\idea\IntelliJ IDEA 2019.2.3\jbr\bin\api-ms-win-crt-convert-l1-1-0.dll
0x000007feeeab0000 - 0x000007feeeb4d000 	D:\web_project\idea\IntelliJ IDEA 2019.2.3\jbr\bin\msvcp140.dll
0x000007fef9d80000 - 0x000007fef9d83000 	D:\web_project\idea\IntelliJ IDEA 2019.2.3\jbr\bin\api-ms-win-crt-locale-l1-1-0.dll
0x000007fef9b50000 - 0x000007fef9b55000 	D:\web_project\idea\IntelliJ IDEA 2019.2.3\jbr\bin\api-ms-win-crt-math-l1-1-0.dll
0x000007fef9b40000 - 0x000007fef9b45000 	D:\web_project\idea\IntelliJ IDEA 2019.2.3\jbr\bin\api-ms-win-crt-multibyte-l1-1-0.dll
0x000007fef9a80000 - 0x000007fef9a83000 	D:\web_project\idea\IntelliJ IDEA 2019.2.3\jbr\bin\api-ms-win-crt-time-l1-1-0.dll
0x000007fef9a70000 - 0x000007fef9a73000 	D:\web_project\idea\IntelliJ IDEA 2019.2.3\jbr\bin\api-ms-win-crt-filesystem-l1-1-0.dll
0x000007fef9a60000 - 0x000007fef9a63000 	D:\web_project\idea\IntelliJ IDEA 2019.2.3\jbr\bin\api-ms-win-crt-environment-l1-1-0.dll
0x000007fef9a50000 - 0x000007fef9a53000 	D:\web_project\idea\IntelliJ IDEA 2019.2.3\jbr\bin\api-ms-win-crt-utility-l1-1-0.dll
0x000007febed90000 - 0x000007febf848000 	D:\web_project\idea\IntelliJ IDEA 2019.2.3\jbr\bin\server\jvm.dll
0x000007fef6490000 - 0x000007fef6499000 	C:\Windows\system32\WSOCK32.dll
0x000007feff190000 - 0x000007feff1dd000 	C:\Windows\system32\WS2_32.dll
0x000007fefd9e0000 - 0x000007fefd9e8000 	C:\Windows\system32\NSI.dll
0x000007fefa730000 - 0x000007fefa76b000 	C:\Windows\system32\WINMM.dll
0x00000000770a0000 - 0x00000000770a7000 	C:\Windows\system32\PSAPI.DLL
0x000007fefa200000 - 0x000007fefa211000 	D:\web_project\idea\IntelliJ IDEA 2019.2.3\jbr\bin\verify.dll
0x000007fef4d70000 - 0x000007fef4e95000 	C:\Windows\system32\DBGHELP.DLL
0x000007fefa1d0000 - 0x000007fefa1f9000 	D:\web_project\idea\IntelliJ IDEA 2019.2.3\jbr\bin\java.dll
0x000007feeb830000 - 0x000007feeb868000 	D:\web_project\idea\IntelliJ IDEA 2019.2.3\jbr\bin\jdwp.dll
0x000007fee6d50000 - 0x000007fee6d84000 	D:\web_project\idea\IntelliJ IDEA 2019.2.3\jbr\bin\instrument.dll
0x000007fef2d90000 - 0x000007fef2da7000 	D:\web_project\idea\IntelliJ IDEA 2019.2.3\jbr\bin\zip.dll
0x000007fefa260000 - 0x000007fefa26b000 	D:\web_project\idea\IntelliJ IDEA 2019.2.3\jbr\bin\jimage.dll

dbghelp: loaded successfully - version: 4.0.5 - missing functions: none
symbol engine: initialized successfully - sym options: 0x614 - pdb path: .;D:\web_project\idea\IntelliJ IDEA 2019.2.3\jbr\bin;C:\Windows\SYSTEM32;C:\Windows\WinSxS\amd64_microsoft.windows.common-controls_6595b64144ccf1df_6.0.7601.18837_none_fa3b1e3d17594757;C:\Program Files\NVIDIA Corporation\CoProcManager;D:\web_project\idea\IntelliJ IDEA 2019.2.3\jbr\bin\server

VM Arguments:
jvm_args: -agentlib:jdwp=transport=dt_socket,address=127.0.0.1:52068,suspend=y,server=n -XX:TieredStopAtLevel=1 -Xverify:none -Dspring.output.ansi.enabled=always -Dcom.sun.management.jmxremote -Dspring.jmx.enabled=true -Dspring.liveBeansView.mbeanDomain -Dspring.application.admin.enabled=true -javaagent:C:\Users\Administrator\.IntelliJIdea2019.2\system\captureAgent\debugger-agent.jar -Dfile.encoding=UTF-8 
java_command: com.example.demo.DemoApplication
java_class_path (initial): D:\demo\target\classes;D:\web_project\apache-maven-3.8.1-bin\localWareHouse\org\springframework\boot\spring-boot-starter-data-jdbc\2.4.4\spring-boot-starter-data-jdbc-2.4.4.jar;D:\web_project\apache-maven-3.8.1-bin\localWareHouse\org\springframework\boot\spring-boot-starter-jdbc\2.4.4\spring-boot-starter-jdbc-2.4.4.jar;D:\web_project\apache-maven-3.8.1-bin\localWareHouse\com\zaxxer\HikariCP\3.4.5\HikariCP-3.4.5.jar;D:\web_project\apache-maven-3.8.1-bin\localWareHouse\org\springframework\spring-jdbc\5.3.5\spring-jdbc-5.3.5.jar;D:\web_project\apache-maven-3.8.1-bin\localWareHouse\org\springframework\data\spring-data-jdbc\2.1.6\spring-data-jdbc-2.1.6.jar;D:\web_project\apache-maven-3.8.1-bin\localWareHouse\org\springframework\data\spring-data-relational\2.1.6\spring-data-relational-2.1.6.jar;D:\web_project\apache-maven-3.8.1-bin\localWareHouse\org\springframework\data\spring-data-commons\2.4.6\spring-data-commons-2.4.6.jar;D:\web_project\apache-maven-3.8.1-bin\localWareHouse\org\springframework\spring-tx\5.3.5\spring-tx-5.3.5.jar;D:\web_project\apache-maven-3.8.1-bin\localWareHouse\org\springframework\spring-context\5.3.5\spring-context-5.3.5.jar;D:\web_project\apache-maven-3.8.1-bin\localWareHouse\org\springframework\spring-beans\5.3.5\spring-beans-5.3.5.jar;D:\web_project\apache-maven-3.8.1-bin\localWareHouse\org\slf4j\slf4j-api\1.7.30\slf4j-api-1.7.30.jar;D:\web_project\apache-maven-3.8.1-bin\localWareHouse\org\springframework\boot\spring-boot-starter-data-jpa\2.4.4\spring-boot-starter-data-jpa-2.4.4.jar;D:\web_project\apache-maven-3.8.1-bin\localWareHouse\org\springframework\boot\spring-boot-starter-aop\2.4.4\spring-boot-starter-aop-2.4.4.jar;D:\web_project\apache-maven-3.8.1-bin\localWareHouse\org\springframework\spring-aop\5.3.5\spring-aop-5.3.5.jar;D:\web_project\apache-maven-3.8.1-bin\localWareHouse\org\aspectj\aspectjweaver\1.9.6\aspectjweaver-1.9.6.jar;D:\web_project\apache-maven-3.8.1-bin\localWareHouse\jakarta\transaction\jakart
Launcher Type: SUN_STANDARD

[Global flags]
     bool BytecodeVerificationLocal                = false                                     {product} {command line}
     bool BytecodeVerificationRemote               = false                                     {product} {command line}
     intx CICompilerCount                          = 3                                         {product} {ergonomic}
     uint ConcGCThreads                            = 1                                         {product} {ergonomic}
     uint G1ConcRefinementThreads                  = 4                                         {product} {ergonomic}
   size_t G1HeapRegionSize                         = 1048576                                   {product} {ergonomic}
    uintx GCDrainStackTargetSize                   = 64                                        {product} {ergonomic}
   size_t InitialHeapSize                          = 134217728                                 {product} {ergonomic}
     bool ManagementServer                         = true                                      {product} {command line}
   size_t MarkStackSize                            = 4194304                                   {product} {ergonomic}
   size_t MaxHeapSize                              = 2128609280                                {product} {ergonomic}
   size_t MinHeapDeltaBytes                        = 1048576                                   {product} {ergonomic}
    uintx NonNMethodCodeHeapSize                   = 6973028                                {pd product} {ergonomic}
    uintx NonProfiledCodeHeapSize                  = 244685212                              {pd product} {ergonomic}
    uintx ProfiledCodeHeapSize                     = 0                                      {pd product} {ergonomic}
    uintx ReservedCodeCacheSize                    = 251658240                              {pd product} {ergonomic}
     bool SegmentedCodeCache                       = true                                      {product} {ergonomic}
     intx TieredStopAtLevel                        = 1                                         {product} {command line}
     bool UseCompressedClassPointers               = true                                 {lp64_product} {ergonomic}
     bool UseCompressedOops                        = true                                 {lp64_product} {ergonomic}
     bool UseG1GC                                  = true                                      {product} {ergonomic}
     bool UseLargePagesIndividualAllocation        = false                                  {pd product} {ergonomic}

Logging:
Log output configuration:
 #0: stdout all=warning uptime,level,tags
 #1: stderr all=off uptime,level,tags

Environment Variables:
JAVA_HOME=E:\java\
CLASSPATH=.;E:\java\\lib\dt.jar;E:\java\\lib\tools.jar;
PATH=C:\ProgramData\Oracle\Java\javapath;C:\Windows\system32;C:\Windows;C:\Windows\System32\Wbem;C:\Windows\System32\WindowsPowerShell\v1.0\;C:\Program Files (x86)\NVIDIA Corporation\PhysX\Common;C:\Program Files\Intel\WiFi\bin\;C:\Program Files\Common Files\Intel\WirelessCommon\;E:\java\\bin;F:\New Folder\vagrant\bin;F:\New Folder\Git\cmd;C:\Windows\System32\WindowsPowerShell\v1.0\;F:\python;C:\Program Files\nodejs\;E:\python\pyenv\.pyenv\pyenv-win\bin;E:\python\pyenv\.pyenv\pyenv-win\shims;E:\python\pyenv\.pyenv\pyenv-win\libexec;E:\python\pyenv\.pyenv\pyenv-win\versions\3.6.8-amd64\;E:\python\pyenv\.pyenv\pyenv-win\versions\3.6.8-amd64\Scripts;D:\web_project\Yarn\bin\;D:\web_project\apache-maven-3.8.1-bin\apache-maven-3.8.1\bin\;C:\Program Files (x86)\Microsoft SQL Server\100\Tools\Binn\;C:\Program Files\Microsoft SQL Server\100\Tools\Binn\;C:\Program Files\Microsoft SQL Server\100\DTS\Binn\;C:\Program Files (x86)\Microsoft SQL Server\150\DTS\Binn\;C:\Program Files\Azure Data Studio\bin;C:\Program Files\Intel\WiFi\bin\;C:\Program Files\Common Files\Intel\WirelessCommon\;C:\AppServ\Apache24\bin;E:\node study\node_modules\npm;E:\node study\node_global\;E:\MySQL\mysql-8.0.15-winx64\bin;E:\code studio\Microsoft VS Code\bin;C:\Users\Administrator\BandZip\;C:\Users\Administrator\AppData\Local\Yarn\bin;D:\web_project\idea\IntelliJ IDEA 2019.2.3\bin;;C:\Program Files\Azure Data Studio\bin
USERNAME=Administrator
OS=Windows_NT
PROCESSOR_IDENTIFIER=Intel64 Family 6 Model 60 Stepping 3, GenuineIntel



---------------  S Y S T E M  ---------------

OS: Windows 7 , 64 bit Build 7601 (6.1.7601.23915)

CPU:total 4 (initial active 4) (2 cores per cpu, 2 threads per core) family 6 model 60 stepping 3, cmov, cx8, fxsr, mmx, sse, sse2, sse3, ssse3, sse4.1, sse4.2, popcnt, avx, avx2, aes, clmul, erms, lzcnt, ht, tsc, tscinvbit, bmi1, bmi2, fma

Memory: 4k page, system-wide physical 8118M (1646M free)
TotalPageFile size 32471M (AvailPageFile size 121M)
current process WorkingSet (physical memory assigned to process): 11M, peak: 11M
current process commit charge ("private bytes"): 55M, peak: 183M

vm_info: OpenJDK 64-Bit Server VM (11.0.4+10-b304.69) for windows-amd64 JRE (11.0.4+10-b304.69), built on Sep  9 2019 11:39:50 by "" with MS VC++ 14.0 (VS2015)

END.
